#
# A fatal error has been detected by the Java Runtime Environment:
#
#  SIGSEGV (0xb) at pc=0x00007fff326ff514, pid=28497, tid=775
#
# JRE version: OpenJDK Runtime Environment (11.0.5+10) (build 11.0.5+10-b520.38)
# Java VM: OpenJDK 64-Bit Server VM (11.0.5+10-b520.38, mixed mode, tiered, compressed oops, g1 gc, bsd-amd64)
# Problematic frame:
# C  [HIToolbox+0x27514]  _ZNK22THIThemeTextInfoFinder13GetTruncationEv+0x8
#
# No core dump will be written. Core dumps have been disabled. To enable core dumping, try "ulimit -c unlimited" before starting Java again
#
# If you would like to submit a bug report, please visit:
#   http://bugreport.java.com/bugreport/crash.jsp
#

---------------  S U M M A R Y ------------

Command Line: -Dfile.encoding=UTF-8 -Duser.country=CA -Duser.language=en -Duser.variant main.Main

Host: MacBookAir7,2 x86_64 1600 MHz, 4 cores, 4G, Darwin 19.3.0
Time: Wed Mar  4 12:06:17 2020 PST elapsed time: 2 seconds (0d 0h 0m 2s)

---------------  T H R E A D  ---------------

Current thread is native thread

Stack: [0x00007ffeead8a000,0x00007ffeeb58a000],  sp=0x00007ffeeb5843c0,  free space=8168k
Native frames: (J=compiled Java code, A=aot compiled Java code, j=interpreted, Vv=VM code, C=native code)
C  [HIToolbox+0x27514]  _ZNK22THIThemeTextInfoFinder13GetTruncationEv+0x8
C  [HIToolbox+0x275fb]  _ZN15TCoreTextEngine16LayoutSingleLineEP16THIThemeTextInfof+0x3b
C  [HIToolbox+0x27569]  _ZN15TCoreTextEngine6LayoutEP16THIThemeTextInfoff14TextLayoutType+0x3b
C  [HIToolbox+0x272d7]  _ZN15TCoreTextEngine22GetThemeTextDimensionsEdP16THIThemeTextInfoPdS2_S2_+0x2b
C  [HIToolbox+0x25dd7]  _ZN10DataEngine17GetTextDimensionsEPKvdP15HIThemeTextInfoPdS4_S4_+0x10f
C  [HIToolbox+0x25c8e]  HIThemeGetTextDimensions+0xbc
C  [HIToolbox+0x255ed]  _ZN13HIMenuBarView16MeasureMenuTitleEP8MenuDatahPfi+0x1af
C  [HIToolbox+0x2536e]  _ZN13HIMenuBarView15MeasureAppMenusEv+0xe6
C  [HIToolbox+0x24ef7]  _ZN13HIMenuBarView15EnsureBarLayoutEv+0x1a3
C  [HIToolbox+0x24817]  _ZN13HIMenuBarView8DrawOnceE6CGRectS0_bbP9CGContext+0x23b
C  [HIToolbox+0x244f6]  _ZN13HIMenuBarView8DrawSelfEsPK9__HIShapeP9CGContext+0x23a
C  [HIToolbox+0x23f3e]  _ZN13HIMenuBarView24DrawWithoutCustomizationEsPK9__HIShapeP9CGContext+0x52
C  [HIToolbox+0x23ed6]  _ZN13HIMenuBarView22DrawingDelegateHandlerEP25OpaqueEventHandlerCallRefP14OpaqueEventRefPv+0x102
C  [HIToolbox+0x8711]  _ZL23DispatchEventToHandlersP14EventTargetRecP14OpaqueEventRefP14HandlerCallRec+0x58b
C  [HIToolbox+0x7ae0]  _ZL30SendEventToEventTargetInternalP14OpaqueEventRefP20OpaqueEventTargetRefP14HandlerCallRec+0x152
C  [HIToolbox+0x7983]  SendEventToEventTargetWithOptions+0x2d
C  [HIToolbox+0x23a4b]  _ZN6HIView8SendDrawEsP13OpaqueGrafPtrPK9__HIShapeP9CGContext+0x145
C  [HIToolbox+0x234be]  _ZN6HIView23RecursiveDrawCompositedEPK9__HIShapeS2_jPS_P9CGContexthd+0x246
C  [HIToolbox+0x23709]  _ZN6HIView23RecursiveDrawCompositedEPK9__HIShapeS2_jPS_P9CGContexthd+0x491
C  [HIToolbox+0x22ef9]  _ZN6HIView14DrawCompositedEsP13OpaqueGrafPtrPK9__HIShapejPS_P9CGContext+0x32f
C  [HIToolbox+0x22bbb]  _ZN6HIView6RenderEjP9CGContext+0x33
C  [HIToolbox+0x3aa1b]  _ZL17FlushWindowObjectP10WindowDataPPvh+0x2ed
C  [HIToolbox+0x3a466]  _ZL15FlushAllBuffersP19__CFRunLoopObservermPv+0x132
C  [CoreFoundation+0x840ee]  __CFRUNLOOP_IS_CALLING_OUT_TO_AN_OBSERVER_CALLBACK_FUNCTION__+0x17
C  [CoreFoundation+0x84014]  __CFRunLoopDoObservers+0x1c9
C  [CoreFoundation+0x83832]  __CFRunLoopRun+0x5ea
C  [CoreFoundation+0x82bd3]  CFRunLoopRunSpecific+0x1f3
C  [libjli.dylib+0x6465]  CreateExecutionEnvironment+0x190
C  [libjli.dylib+0x25e3]  JLI_Launch+0x51f
C  [java+0xe37]  main+0x177
C  [libdyld.dylib+0x1a7fd]  start+0x1


siginfo: si_signo: 11 (SIGSEGV), si_code: 1 (SEGV_MAPERR), si_addr: 0x0000000000000016

Register to memory mapping:

RAX=0x0 is NULL
RBX=
[error occurred during error reporting (printing register info), id 0xb, SIGSEGV (0xb) at pc=0x00000001056f5178]

Registers:
RAX=0x0000000000000000, RBX=0x00007fd0b3492610, RCX=0x00007ffeeb5842f0, RDX=0x00007fff69eff408
RSP=0x00007ffeeb5843c0, RBP=0x00007ffeeb5843c0, RSI=0x00007fd0b34ac118, RDI=0x00007fd0b3492610
R8 =0x000000000b367c8b, R9 =0x000000000b367c99, R10=0x00000000fe0007ff, R11=0x3ff0000000000000
R12=0x00007fd0b3492610, R13=0x00007ffeeb584538, R14=0x00007fd0b3736a80, R15=0x00007fd0b367c8a0
RIP=0x00007fff326ff514, EFLAGS=0x0000000000010206, ERR=0x0000000000000004
  TRAPNO=0x000000000000000e

Top of Stack: (sp=0x00007ffeeb5843c0)
0x00007ffeeb5843c0:   00007ffeeb584410 00007fff326ff5fb
0x00007ffeeb5843d0:   00007fd0b3736920 00007fd0b3492610
0x00007ffeeb5843e0:   7f7fffffeb584420 00007fd0b3492610
0x00007ffeeb5843f0:   00007fd0b3736a80 00007ffeeb584538
0x00007ffeeb584400:   00007fd0b3492610 0000000000000000
0x00007ffeeb584410:   00007ffeeb584450 00007fff326ff569
0x00007ffeeb584420:   7f7fffff00000000 7f7fffffb3492610
0x00007ffeeb584430:   00007fd0b3492610 00007ffeeb584540
0x00007ffeeb584440:   00007fd0b3736a80 00007ffeeb584530
0x00007ffeeb584450:   00007ffeeb584490 00007fff326ff2d7
0x00007ffeeb584460:   00007fff8c51c7f0 00007fd0b3736a80
0x00007ffeeb584470:   00007ffeeb5844a8 00007fd0b3736920
0x00007ffeeb584480:   00007fd0b3492610 0000000000000064
0x00007ffeeb584490:   00007ffeeb584520 00007fff326fddd7
0x00007ffeeb5844a0:   0000000000000006 0000000000000000
0x00007ffeeb5844b0:   00007ffe00000001 00007fff33c0e892
0x00007ffeeb5844c0:   0000000000000006 0000000000000000
0x00007ffeeb5844d0:   00007fd0b3492f80 47efffffe0000000
0x00007ffeeb5844e0:   00007ffeeb584540 00007ffeeb584538
0x00007ffeeb5844f0:   00007ffeeb584530 0000000000000000
0x00007ffeeb584500:   0000000000000002 00007fd0b3674060
0x00007ffeeb584510:   0000000000000000 00007ffeeb5845c0
0x00007ffeeb584520:   00007ffeeb584560 00007fff326fdc8e
0x00007ffeeb584530:   00007fd0b3492f80 00007fd0b366c260
0x00007ffeeb584540:   0000000000000002 00007fd0b3736920
0x00007ffeeb584550:   0000000120738798 00007ffeeb584578
0x00007ffeeb584560:   00007ffeeb5845f0 00007fff326fd5ed
0x00007ffeeb584570:   0002000000000002 0000000100000000
0x00007ffeeb584580:   0000000000000064 0002010200000000
0x00007ffeeb584590:   0000000000010000 0000000000000000
0x00007ffeeb5845a0:   0000000000000000 00007fd0b366f160
0x00007ffeeb5845b0:   0000000120738798 0000000100000000 

Instructions: (pc=0x00007fff326ff514)
0x00007fff326ff414:   f3 0f 10 45 d4 f3 0f 10 4d d0 44 89 e1 e8 7e 42
0x00007fff326ff424:   00 00 83 f8 01 75 5b 4c 89 ef e8 51 f1 ff ff 84
0x00007fff326ff434:   c0 74 13 48 8d 7b 38 e8 d6 43 05 00 4c 89 ef 31
0x00007fff326ff444:   f6 e8 62 04 00 00 0f 57 c9 f3 0f 10 45 d4 0f 2e
0x00007fff326ff454:   c1 75 0e 7a 0c 8a 43 30 84 c0 74 05 e8 0f 57 27
0x00007fff326ff464:   00 48 89 df 4c 89 f6 f3 0f 10 4d d0 44 89 fa 48
0x00007fff326ff474:   83 c4 08 5b 41 5c 41 5d 41 5e 41 5f 5d e9 a8 00
0x00007fff326ff484:   00 00 31 c0 48 83 c4 08 5b 41 5c 41 5d 41 5e 41
0x00007fff326ff494:   5f 5d c3 90 55 48 89 e5 48 8b 47 08 8b 40 12 5d
0x00007fff326ff4a4:   c3 90 90 90 90 90 90 90 55 48 89 e5 41 56 53 41
0x00007fff326ff4b4:   89 d6 0f 57 c9 0f 2e c1 75 02 7b 3a 48 89 f3 48
0x00007fff326ff4c4:   8b 06 48 89 f7 ff 50 48 a8 01 75 2a 48 8b 03 48
0x00007fff326ff4d4:   89 df ff 50 50 85 c0 74 28 48 8b 03 48 89 df ff
0x00007fff326ff4e4:   50 58 31 c9 83 f8 01 0f 95 c1 85 c0 b8 02 00 00
0x00007fff326ff4f4:   00 0f 45 c1 eb 06 41 0f b6 c6 01 c0 5b 41 5e 5d
0x00007fff326ff504:   c3 b8 02 00 00 00 eb f4 55 48 89 e5 48 8b 47 08
0x00007fff326ff514:   8b 40 16 5d c3 90 55 48 89 e5 48 8b 47 08 8b 40
0x00007fff326ff524:   1a 5d c3 90 90 90 90 90 90 90 55 48 89 e5 41 57
0x00007fff326ff534:   41 56 41 54 53 48 83 ec 10 49 89 f6 49 89 fc 83
0x00007fff326ff544:   fa 02 f3 0f 11 45 dc 74 1e 83 fa 01 74 26 45 31
0x00007fff326ff554:   ff 85 d2 75 2d 4c 89 e7 4c 89 f6 f3 0f 10 45 dc
0x00007fff326ff564:   e8 57 00 00 00 eb 18 4c 89 e7 4c 89 f6 e8 e8 51
0x00007fff326ff574:   0a 00 eb 0b 4c 89 e7 4c 89 f6 e8 4b 4f 0a 00 41
0x00007fff326ff584:   89 c7 49 8d 5c 24 50 48 89 df be 01 00 00 00 e8
0x00007fff326ff594:   fe 02 00 00 48 89 df 4c 89 f6 e8 09 03 00 00 f3
0x00007fff326ff5a4:   0f 10 45 dc f3 41 0f 11 44 24 54 44 89 f8 48 83
0x00007fff326ff5b4:   c4 10 5b 41 5c 41 5e 41 5f 5d c3 90 55 48 89 e5
0x00007fff326ff5c4:   41 57 41 56 41 55 41 54 53 48 83 ec 18 f3 0f 11
0x00007fff326ff5d4:   45 d4 49 89 f4 49 89 fe 48 8b 7f 28 e8 5d 48 27
0x00007fff326ff5e4:   00 48 85 c0 0f 84 17 01 00 00 49 89 c7 49 8b 04
0x00007fff326ff5f4:   24 4c 89 e7 ff 50 50 0f 57 c0 f3 0f 10 4d d4 0f
0x00007fff326ff604:   2e c8 0f 86 9a 00 00 00 85 c0 0f 84 92 00 00 00 


Stack slot to memory mapping:
stack at sp + 0 slots: 
[error occurred during error reporting (inspecting top of stack), id 0xb, SIGSEGV (0xb) at pc=0x00000001056f5178]


---------------  P R O C E S S  ---------------

VM state:not at safepoint (normal execution)

VM Mutex/Monitor currently owned by a thread: None

Heap address: 0x00000007c0000000, size: 1024 MB, Compressed Oops mode: Zero based, Oop shift amount: 3
Narrow klass base: 0x0000000800000000, Narrow klass shift: 0
Compressed class space size: 1073741824 Address: 0x0000000800000000

Heap:
 garbage-first heap   total 65536K, used 6192K [0x00000007c0000000, 0x0000000800000000)
  region size 1024K, 7 young (7168K), 2 survivors (2048K)
 Metaspace       used 9257K, capacity 9474K, committed 9600K, reserved 1058816K
  class space    used 801K, capacity 883K, committed 896K, reserved 1048576K
Heap Regions: E=young(eden), S=young(survivor), O=old, HS=humongous(starts), HC=humongous(continues), CS=collection set, F=free, A=archive, TAMS=top-at-mark-start (previous, next)
|   0|0x00000007c0000000, 0x00000007c000c000, 0x00000007c0100000|  4%| O|  |TAMS 0x00000007c0000000, 0x00000007c0000000| Untracked 
|   1|0x00000007c0100000, 0x00000007c0100000, 0x00000007c0200000|  0%| F|  |TAMS 0x00000007c0100000, 0x00000007c0100000| Untracked 
|   2|0x00000007c0200000, 0x00000007c0200000, 0x00000007c0300000|  0%| F|  |TAMS 0x00000007c0200000, 0x00000007c0200000| Untracked 
|   3|0x00000007c0300000, 0x00000007c0300000, 0x00000007c0400000|  0%| F|  |TAMS 0x00000007c0300000, 0x00000007c0300000| Untracked 
|   4|0x00000007c0400000, 0x00000007c0400000, 0x00000007c0500000|  0%| F|  |TAMS 0x00000007c0400000, 0x00000007c0400000| Untracked 
|   5|0x00000007c0500000, 0x00000007c0500000, 0x00000007c0600000|  0%| F|  |TAMS 0x00000007c0500000, 0x00000007c0500000| Untracked 
|   6|0x00000007c0600000, 0x00000007c0600000, 0x00000007c0700000|  0%| F|  |TAMS 0x00000007c0600000, 0x00000007c0600000| Untracked 
|   7|0x00000007c0700000, 0x00000007c0700000, 0x00000007c0800000|  0%| F|  |TAMS 0x00000007c0700000, 0x00000007c0700000| Untracked 
|   8|0x00000007c0800000, 0x00000007c0800000, 0x00000007c0900000|  0%| F|  |TAMS 0x00000007c0800000, 0x00000007c0800000| Untracked 
|   9|0x00000007c0900000, 0x00000007c0900000, 0x00000007c0a00000|  0%| F|  |TAMS 0x00000007c0900000, 0x00000007c0900000| Untracked 
|  10|0x00000007c0a00000, 0x00000007c0a00000, 0x00000007c0b00000|  0%| F|  |TAMS 0x00000007c0a00000, 0x00000007c0a00000| Untracked 
|  11|0x00000007c0b00000, 0x00000007c0b00000, 0x00000007c0c00000|  0%| F|  |TAMS 0x00000007c0b00000, 0x00000007c0b00000| Untracked 
|  12|0x00000007c0c00000, 0x00000007c0c00000, 0x00000007c0d00000|  0%| F|  |TAMS 0x00000007c0c00000, 0x00000007c0c00000| Untracked 
|  13|0x00000007c0d00000, 0x00000007c0d00000, 0x00000007c0e00000|  0%| F|  |TAMS 0x00000007c0d00000, 0x00000007c0d00000| Untracked 
|  14|0x00000007c0e00000, 0x00000007c0e00000, 0x00000007c0f00000|  0%| F|  |TAMS 0x00000007c0e00000, 0x00000007c0e00000| Untracked 
|  15|0x00000007c0f00000, 0x00000007c0f00000, 0x00000007c1000000|  0%| F|  |TAMS 0x00000007c0f00000, 0x00000007c0f00000| Untracked 
|  16|0x00000007c1000000, 0x00000007c1000000, 0x00000007c1100000|  0%| F|  |TAMS 0x00000007c1000000, 0x00000007c1000000| Untracked 
|  17|0x00000007c1100000, 0x00000007c1100000, 0x00000007c1200000|  0%| F|  |TAMS 0x00000007c1100000, 0x00000007c1100000| Untracked 
|  18|0x00000007c1200000, 0x00000007c1200000, 0x00000007c1300000|  0%| F|  |TAMS 0x00000007c1200000, 0x00000007c1200000| Untracked 
|  19|0x00000007c1300000, 0x00000007c1300000, 0x00000007c1400000|  0%| F|  |TAMS 0x00000007c1300000, 0x00000007c1300000| Untracked 
|  20|0x00000007c1400000, 0x00000007c1400000, 0x00000007c1500000|  0%| F|  |TAMS 0x00000007c1400000, 0x00000007c1400000| Untracked 
|  21|0x00000007c1500000, 0x00000007c1500000, 0x00000007c1600000|  0%| F|  |TAMS 0x00000007c1500000, 0x00000007c1500000| Untracked 
|  22|0x00000007c1600000, 0x00000007c1600000, 0x00000007c1700000|  0%| F|  |TAMS 0x00000007c1600000, 0x00000007c1600000| Untracked 
|  23|0x00000007c1700000, 0x00000007c1700000, 0x00000007c1800000|  0%| F|  |TAMS 0x00000007c1700000, 0x00000007c1700000| Untracked 
|  24|0x00000007c1800000, 0x00000007c1800000, 0x00000007c1900000|  0%| F|  |TAMS 0x00000007c1800000, 0x00000007c1800000| Untracked 
|  25|0x00000007c1900000, 0x00000007c1900000, 0x00000007c1a00000|  0%| F|  |TAMS 0x00000007c1900000, 0x00000007c1900000| Untracked 
|  26|0x00000007c1a00000, 0x00000007c1a00000, 0x00000007c1b00000|  0%| F|  |TAMS 0x00000007c1a00000, 0x00000007c1a00000| Untracked 
|  27|0x00000007c1b00000, 0x00000007c1b00000, 0x00000007c1c00000|  0%| F|  |TAMS 0x00000007c1b00000, 0x00000007c1b00000| Untracked 
|  28|0x00000007c1c00000, 0x00000007c1c00000, 0x00000007c1d00000|  0%| F|  |TAMS 0x00000007c1c00000, 0x00000007c1c00000| Untracked 
|  29|0x00000007c1d00000, 0x00000007c1d00000, 0x00000007c1e00000|  0%| F|  |TAMS 0x00000007c1d00000, 0x00000007c1d00000| Untracked 
|  30|0x00000007c1e00000, 0x00000007c1e00000, 0x00000007c1f00000|  0%| F|  |TAMS 0x00000007c1e00000, 0x00000007c1e00000| Untracked 
|  31|0x00000007c1f00000, 0x00000007c1f00000, 0x00000007c2000000|  0%| F|  |TAMS 0x00000007c1f00000, 0x00000007c1f00000| Untracked 
|  32|0x00000007c2000000, 0x00000007c2000000, 0x00000007c2100000|  0%| F|  |TAMS 0x00000007c2000000, 0x00000007c2000000| Untracked 
|  33|0x00000007c2100000, 0x00000007c2100000, 0x00000007c2200000|  0%| F|  |TAMS 0x00000007c2100000, 0x00000007c2100000| Untracked 
|  34|0x00000007c2200000, 0x00000007c2200000, 0x00000007c2300000|  0%| F|  |TAMS 0x00000007c2200000, 0x00000007c2200000| Untracked 
|  35|0x00000007c2300000, 0x00000007c2300000, 0x00000007c2400000|  0%| F|  |TAMS 0x00000007c2300000, 0x00000007c2300000| Untracked 
|  36|0x00000007c2400000, 0x00000007c2400000, 0x00000007c2500000|  0%| F|  |TAMS 0x00000007c2400000, 0x00000007c2400000| Untracked 
|  37|0x00000007c2500000, 0x00000007c2500000, 0x00000007c2600000|  0%| F|  |TAMS 0x00000007c2500000, 0x00000007c2500000| Untracked 
|  38|0x00000007c2600000, 0x00000007c2600000, 0x00000007c2700000|  0%| F|  |TAMS 0x00000007c2600000, 0x00000007c2600000| Untracked 
|  39|0x00000007c2700000, 0x00000007c2700000, 0x00000007c2800000|  0%| F|  |TAMS 0x00000007c2700000, 0x00000007c2700000| Untracked 
|  40|0x00000007c2800000, 0x00000007c2800000, 0x00000007c2900000|  0%| F|  |TAMS 0x00000007c2800000, 0x00000007c2800000| Untracked 
|  41|0x00000007c2900000, 0x00000007c2900000, 0x00000007c2a00000|  0%| F|  |TAMS 0x00000007c2900000, 0x00000007c2900000| Untracked 
|  42|0x00000007c2a00000, 0x00000007c2a00000, 0x00000007c2b00000|  0%| F|  |TAMS 0x00000007c2a00000, 0x00000007c2a00000| Untracked 
|  43|0x00000007c2b00000, 0x00000007c2b00000, 0x00000007c2c00000|  0%| F|  |TAMS 0x00000007c2b00000, 0x00000007c2b00000| Untracked 
|  44|0x00000007c2c00000, 0x00000007c2c00000, 0x00000007c2d00000|  0%| F|  |TAMS 0x00000007c2c00000, 0x00000007c2c00000| Untracked 
|  45|0x00000007c2d00000, 0x00000007c2d00000, 0x00000007c2e00000|  0%| F|  |TAMS 0x00000007c2d00000, 0x00000007c2d00000| Untracked 
|  46|0x00000007c2e00000, 0x00000007c2e00000, 0x00000007c2f00000|  0%| F|  |TAMS 0x00000007c2e00000, 0x00000007c2e00000| Untracked 
|  47|0x00000007c2f00000, 0x00000007c2f00000, 0x00000007c3000000|  0%| F|  |TAMS 0x00000007c2f00000, 0x00000007c2f00000| Untracked 
|  48|0x00000007c3000000, 0x00000007c3100000, 0x00000007c3100000|100%| S|CS|TAMS 0x00000007c3000000, 0x00000007c3000000| Complete 
|  49|0x00000007c3100000, 0x00000007c3200000, 0x00000007c3200000|100%| S|CS|TAMS 0x00000007c3100000, 0x00000007c3100000| Complete 
|  50|0x00000007c3200000, 0x00000007c3200000, 0x00000007c3300000|  0%| F|  |TAMS 0x00000007c3200000, 0x00000007c3200000| Untracked 
|  51|0x00000007c3300000, 0x00000007c3300000, 0x00000007c3400000|  0%| F|  |TAMS 0x00000007c3300000, 0x00000007c3300000| Untracked 
|  52|0x00000007c3400000, 0x00000007c3400000, 0x00000007c3500000|  0%| F|  |TAMS 0x00000007c3400000, 0x00000007c3400000| Untracked 
|  53|0x00000007c3500000, 0x00000007c3500000, 0x00000007c3600000|  0%| F|  |TAMS 0x00000007c3500000, 0x00000007c3500000| Untracked 
|  54|0x00000007c3600000, 0x00000007c3600000, 0x00000007c3700000|  0%| F|  |TAMS 0x00000007c3600000, 0x00000007c3600000| Untracked 
|  55|0x00000007c3700000, 0x00000007c3700000, 0x00000007c3800000|  0%| F|  |TAMS 0x00000007c3700000, 0x00000007c3700000| Untracked 
|  56|0x00000007c3800000, 0x00000007c3800000, 0x00000007c3900000|  0%| F|  |TAMS 0x00000007c3800000, 0x00000007c3800000| Untracked 
|  57|0x00000007c3900000, 0x00000007c3900000, 0x00000007c3a00000|  0%| F|  |TAMS 0x00000007c3900000, 0x00000007c3900000| Untracked 
|  58|0x00000007c3a00000, 0x00000007c3a00000, 0x00000007c3b00000|  0%| F|  |TAMS 0x00000007c3a00000, 0x00000007c3a00000| Untracked 
|  59|0x00000007c3b00000, 0x00000007c3b80800, 0x00000007c3c00000| 50%| E|  |TAMS 0x00000007c3b00000, 0x00000007c3b00000| Complete 
|  60|0x00000007c3c00000, 0x00000007c3d00000, 0x00000007c3d00000|100%| E|CS|TAMS 0x00000007c3c00000, 0x00000007c3c00000| Complete 
|  61|0x00000007c3d00000, 0x00000007c3e00000, 0x00000007c3e00000|100%| E|CS|TAMS 0x00000007c3d00000, 0x00000007c3d00000| Complete 
|  62|0x00000007c3e00000, 0x00000007c3f00000, 0x00000007c3f00000|100%| E|CS|TAMS 0x00000007c3e00000, 0x00000007c3e00000| Complete 
|  63|0x00000007c3f00000, 0x00000007c4000000, 0x00000007c4000000|100%| E|CS|TAMS 0x00000007c3f00000, 0x00000007c3f00000| Complete 

Card table byte_map: [0x0000000119772000,0x0000000119972000] _byte_map_base: 0x0000000115972000

Marking Bits (Prev, Next): (CMBitMap*) 0x00007fd0b5004818, (CMBitMap*) 0x00007fd0b5004850
 Prev Bits: [0x0000000119b72000, 0x000000011ab72000)
 Next Bits: [0x000000011ab72000, 0x000000011bb72000)

Polling page: 0x00000001046ff000

Metaspace:

Usage:
  Non-class:      8.39 MB capacity,     8.26 MB ( 98%) used,   119.84 KB (  1%) free+waste,    15.12 KB ( <1%) overhead. 
      Class:    883.00 KB capacity,   801.79 KB ( 91%) used,    73.84 KB (  8%) free+waste,     7.38 KB ( <1%) overhead. 
       Both:      9.25 MB capacity,     9.04 MB ( 98%) used,   193.68 KB (  2%) free+waste,    22.50 KB ( <1%) overhead. 

Virtual space:
  Non-class space:       10.00 MB reserved,       8.50 MB ( 85%) committed 
      Class space:        1.00 GB reserved,     896.00 KB ( <1%) committed 
             Both:        1.01 GB reserved,       9.38 MB ( <1%) committed 

Chunk freelists:
   Non-Class:  105.00 KB
       Class:  13.00 KB
        Both:  118.00 KB

MaxMetaspaceSize: unlimited
CompressedClassSpaceSize: 1.00 GB

CodeHeap 'non-profiled nmethods': size=120032Kb used=234Kb max_used=234Kb free=119797Kb
 bounds [0x000000011223a000, 0x00000001124aa000, 0x0000000119772000]
CodeHeap 'profiled nmethods': size=120032Kb used=1433Kb max_used=1433Kb free=118598Kb
 bounds [0x000000010ad02000, 0x000000010af72000, 0x000000011223a000]
CodeHeap 'non-nmethods': size=5696Kb used=1380Kb max_used=1393Kb free=4315Kb
 bounds [0x000000010a772000, 0x000000010a9e2000, 0x000000010ad02000]
 total_blobs=1830 nmethods=782 adapters=768
 compilation: enabled
              stopped_count=0, restarted_count=0
 full_count=0

Compilation events (20 events):
Event: 1.608 Thread 0x00007fd0b385e800 nmethod 772 0x000000010ae61e90 code [0x000000010ae62200, 0x000000010ae63a68]
Event: 1.653 Thread 0x00007fd0b385e800  774       3       jdk.internal.module.SystemModuleFinders$SystemModuleReader::find (54 bytes)
Event: 1.657 Thread 0x00007fd0b385e800 nmethod 774 0x000000010ae64410 code [0x000000010ae64740, 0x000000010ae65818]
Event: 1.657 Thread 0x00007fd0b385e800  775       3       jdk.internal.jimage.BasicImageReader::getAttributes (48 bytes)
Event: 1.658 Thread 0x00007fd0b385e800 nmethod 775 0x000000010ae65e10 code [0x000000010ae66020, 0x000000010ae667a8]
Event: 1.658 Thread 0x00007fd0b385e800  776       3       jdk.internal.jimage.ImageLocation::verify (50 bytes)
Event: 1.659 Thread 0x00007fd0b385e800 nmethod 776 0x000000010ae66a10 code [0x000000010ae66c60, 0x000000010ae67448]
Event: 1.659 Thread 0x00007fd0b385e800  780       1       java.util.Formatter$Flags::valueOf (5 bytes)
Event: 1.659 Thread 0x00007fd0b385e800 nmethod 780 0x0000000112272d90 code [0x0000000112272f40, 0x0000000112273050]
Event: 1.659 Thread 0x00007fd0b385e800  777       3       java.nio.MappedByteBuffer::rewind (5 bytes)
Event: 1.659 Thread 0x00007fd0b4028000 nmethod 771 0x0000000112273090 code [0x0000000112273240, 0x00000001122736d8]
Event: 1.659 Thread 0x00007fd0b385e800 nmethod 777 0x000000010ae67810 code [0x000000010ae679e0, 0x000000010ae67c70]
Event: 1.659 Thread 0x00007fd0b385e800  778       3       java.nio.MappedByteBuffer::rewind (7 bytes)
Event: 1.660 Thread 0x00007fd0b385e800 nmethod 778 0x000000010ae67d90 code [0x000000010ae67f40, 0x000000010ae68170]
Event: 1.660 Thread 0x00007fd0b385e800  779       3       java.nio.ByteBuffer::rewind (7 bytes)
Event: 1.660 Thread 0x00007fd0b385e800 nmethod 779 0x000000010ae68290 code [0x000000010ae68440, 0x000000010ae68610]
Event: 1.694 Thread 0x00007fd0b4028000  781       4       java.util.jar.JarFile::getVersionedEntry (85 bytes)
Event: 1.712 Thread 0x00007fd0b385e800  782       1       org.lwjgl.system.Pointer$Default::address (5 bytes)
Event: 1.712 Thread 0x00007fd0b385e800 nmethod 782 0x0000000112273910 code [0x0000000112273ac0, 0x0000000112273bd0]
Event: 1.735 Thread 0x00007fd0b4028000 nmethod 781 0x0000000112273c90 code [0x0000000112273e60, 0x0000000112274728]

GC Heap History (2 events):
Event: 1.032 GC heap before
{Heap before GC invocations=0 (full 0):
 garbage-first heap   total 65536K, used 14336K [0x00000007c0000000, 0x0000000800000000)
  region size 1024K, 14 young (14336K), 0 survivors (0K)
 Metaspace       used 8706K, capacity 8926K, committed 9088K, reserved 1056768K
  class space    used 778K, capacity 850K, committed 896K, reserved 1048576K
}
Event: 1.039 GC heap after
{Heap after GC invocations=1 (full 0):
 garbage-first heap   total 65536K, used 2096K [0x00000007c0000000, 0x0000000800000000)
  region size 1024K, 2 young (2048K), 2 survivors (2048K)
 Metaspace       used 8706K, capacity 8926K, committed 9088K, reserved 1056768K
  class space    used 778K, capacity 850K, committed 896K, reserved 1048576K
}

Deoptimization events (20 events):
Event: 0.843 Thread 0x00007fd0b502e000 DEOPT PACKING pc=0x000000010ad9c320 sp=0x0000700010aee0d0
Event: 0.843 Thread 0x00007fd0b502e000 DEOPT UNPACKING pc=0x000000010a79a7ba sp=0x0000700010aed618 mode 0
Event: 0.861 Thread 0x00007fd0b502e000 Uncommon trap: trap_request=0xffffffde fr.pc=0x0000000112269398 relative=0x0000000000000538
Event: 0.861 Thread 0x00007fd0b502e000 Uncommon trap: reason=class_check action=maybe_recompile pc=0x0000000112269398 method=java.util.HashMap.getNode(ILjava/lang/Object;)Ljava/util/HashMap$Node; @ 126 c2
Event: 0.861 Thread 0x00007fd0b502e000 DEOPT PACKING pc=0x0000000112269398 sp=0x0000700010af03e0
Event: 0.861 Thread 0x00007fd0b502e000 DEOPT UNPACKING pc=0x000000010a79a9a5 sp=0x0000700010af0318 mode 2
Event: 0.935 Thread 0x00007fd0b502e000 Uncommon trap: trap_request=0xffffff4d fr.pc=0x000000011223b694 relative=0x0000000000000074
Event: 0.935 Thread 0x00007fd0b502e000 Uncommon trap: reason=unstable_if action=reinterpret pc=0x000000011223b694 method=java.lang.String.isLatin1()Z @ 10 c2
Event: 0.935 Thread 0x00007fd0b502e000 DEOPT PACKING pc=0x000000011223b694 sp=0x0000700010af0700
Event: 0.935 Thread 0x00007fd0b502e000 DEOPT UNPACKING pc=0x000000010a79a9a5 sp=0x0000700010af0660 mode 2
Event: 1.014 Thread 0x00007fd0b502e000 DEOPT PACKING pc=0x000000010ae22a88 sp=0x0000700010aef0a0
Event: 1.014 Thread 0x00007fd0b502e000 DEOPT UNPACKING pc=0x000000010a79a7ba sp=0x0000700010aee510 mode 0
Event: 1.058 Thread 0x00007fd0b502e000 DEOPT PACKING pc=0x000000010ae22a88 sp=0x0000700010aef8f0
Event: 1.058 Thread 0x00007fd0b502e000 DEOPT UNPACKING pc=0x000000010a79a7ba sp=0x0000700010aeed60 mode 0
Event: 1.486 Thread 0x00007fd0b502e000 DEOPT PACKING pc=0x000000010ae22a88 sp=0x0000700010aef6f0
Event: 1.486 Thread 0x00007fd0b502e000 DEOPT UNPACKING pc=0x000000010a79a7ba sp=0x0000700010aeeb60 mode 0
Event: 1.499 Thread 0x00007fd0b502e000 DEOPT PACKING pc=0x000000010ae22a88 sp=0x0000700010af0090
Event: 1.499 Thread 0x00007fd0b502e000 DEOPT UNPACKING pc=0x000000010a79a7ba sp=0x0000700010aef500 mode 0
Event: 1.602 Thread 0x00007fd0b502e000 DEOPT PACKING pc=0x000000010ae22a88 sp=0x0000700010aef4d0
Event: 1.602 Thread 0x00007fd0b502e000 DEOPT UNPACKING pc=0x000000010a79a7ba sp=0x0000700010aee940 mode 0

Classes redefined (0 events):
No events

Internal exceptions (20 events):
Event: 1.506 Thread 0x00007fd0b502e000 Exception <a 'java/security/PrivilegedActionException'{0x00000007c3d84148}> (0x00000007c3d84148) thrown at [/opt/buildAgent/work/5ff2f6c26000d570/src/hotspot/share/prims/jvm.cpp, line 1297]
Event: 1.506 Thread 0x00007fd0b502e000 Exception <a 'java/security/PrivilegedActionException'{0x00000007c3d84418}> (0x00000007c3d84418) thrown at [/opt/buildAgent/work/5ff2f6c26000d570/src/hotspot/share/prims/jvm.cpp, line 1297]
Event: 1.507 Thread 0x00007fd0b502e000 Exception <a 'java/security/PrivilegedActionException'{0x00000007c3d85b58}> (0x00000007c3d85b58) thrown at [/opt/buildAgent/work/5ff2f6c26000d570/src/hotspot/share/prims/jvm.cpp, line 1297]
Event: 1.507 Thread 0x00007fd0b502e000 Exception <a 'java/security/PrivilegedActionException'{0x00000007c3d85e28}> (0x00000007c3d85e28) thrown at [/opt/buildAgent/work/5ff2f6c26000d570/src/hotspot/share/prims/jvm.cpp, line 1297]
Event: 1.507 Thread 0x00007fd0b502e000 Exception <a 'java/security/PrivilegedActionException'{0x00000007c3d95110}> (0x00000007c3d95110) thrown at [/opt/buildAgent/work/5ff2f6c26000d570/src/hotspot/share/prims/jvm.cpp, line 1297]
Event: 1.507 Thread 0x00007fd0b502e000 Exception <a 'java/security/PrivilegedActionException'{0x00000007c3d953e0}> (0x00000007c3d953e0) thrown at [/opt/buildAgent/work/5ff2f6c26000d570/src/hotspot/share/prims/jvm.cpp, line 1297]
Event: 1.507 Thread 0x00007fd0b502e000 Exception <a 'java/security/PrivilegedActionException'{0x00000007c3da6bd0}> (0x00000007c3da6bd0) thrown at [/opt/buildAgent/work/5ff2f6c26000d570/src/hotspot/share/prims/jvm.cpp, line 1297]
Event: 1.508 Thread 0x00007fd0b502e000 Exception <a 'java/security/PrivilegedActionException'{0x00000007c3da6ea0}> (0x00000007c3da6ea0) thrown at [/opt/buildAgent/work/5ff2f6c26000d570/src/hotspot/share/prims/jvm.cpp, line 1297]
Event: 1.508 Thread 0x00007fd0b502e000 Exception <a 'java/security/PrivilegedActionException'{0x00000007c3da8638}> (0x00000007c3da8638) thrown at [/opt/buildAgent/work/5ff2f6c26000d570/src/hotspot/share/prims/jvm.cpp, line 1297]
Event: 1.508 Thread 0x00007fd0b502e000 Exception <a 'java/security/PrivilegedActionException'{0x00000007c3da8908}> (0x00000007c3da8908) thrown at [/opt/buildAgent/work/5ff2f6c26000d570/src/hotspot/share/prims/jvm.cpp, line 1297]
Event: 1.508 Thread 0x00007fd0b502e000 Exception <a 'java/security/PrivilegedActionException'{0x00000007c3db87a0}> (0x00000007c3db87a0) thrown at [/opt/buildAgent/work/5ff2f6c26000d570/src/hotspot/share/prims/jvm.cpp, line 1297]
Event: 1.508 Thread 0x00007fd0b502e000 Exception <a 'java/security/PrivilegedActionException'{0x00000007c3db8a70}> (0x00000007c3db8a70) thrown at [/opt/buildAgent/work/5ff2f6c26000d570/src/hotspot/share/prims/jvm.cpp, line 1297]
Event: 1.509 Thread 0x00007fd0b502e000 Exception <a 'java/security/PrivilegedActionException'{0x00000007c3dc9dc0}> (0x00000007c3dc9dc0) thrown at [/opt/buildAgent/work/5ff2f6c26000d570/src/hotspot/share/prims/jvm.cpp, line 1297]
Event: 1.509 Thread 0x00007fd0b502e000 Exception <a 'java/security/PrivilegedActionException'{0x00000007c3dca090}> (0x00000007c3dca090) thrown at [/opt/buildAgent/work/5ff2f6c26000d570/src/hotspot/share/prims/jvm.cpp, line 1297]
Event: 1.509 Thread 0x00007fd0b502e000 Exception <a 'java/security/PrivilegedActionException'{0x00000007c3dcb788}> (0x00000007c3dcb788) thrown at [/opt/buildAgent/work/5ff2f6c26000d570/src/hotspot/share/prims/jvm.cpp, line 1297]
Event: 1.509 Thread 0x00007fd0b502e000 Exception <a 'java/security/PrivilegedActionException'{0x00000007c3dcba58}> (0x00000007c3dcba58) thrown at [/opt/buildAgent/work/5ff2f6c26000d570/src/hotspot/share/prims/jvm.cpp, line 1297]
Event: 1.510 Thread 0x00007fd0b502e000 Exception <a 'java/security/PrivilegedActionException'{0x00000007c3dda3b0}> (0x00000007c3dda3b0) thrown at [/opt/buildAgent/work/5ff2f6c26000d570/src/hotspot/share/prims/jvm.cpp, line 1297]
Event: 1.510 Thread 0x00007fd0b502e000 Exception <a 'java/security/PrivilegedActionException'{0x00000007c3dda680}> (0x00000007c3dda680) thrown at [/opt/buildAgent/work/5ff2f6c26000d570/src/hotspot/share/prims/jvm.cpp, line 1297]
Event: 1.570 Thread 0x00007fd0b502e000 Exception <a 'sun/nio/fs/UnixException'{0x00000007c3c15810}> (0x00000007c3c15810) thrown at [/opt/buildAgent/work/5ff2f6c26000d570/src/hotspot/share/prims/jni.cpp, line 615]
Event: 1.654 Thread 0x00007fd0b502e000 Exception <a 'sun/nio/fs/UnixException'{0x00000007c3cc7900}> (0x00000007c3cc7900) thrown at [/opt/buildAgent/work/5ff2f6c26000d570/src/hotspot/share/prims/jni.cpp, line 615]

Events (20 events):
Event: 1.582 loading class org/lwjgl/system/dyncall/DynCallback
Event: 1.582 loading class org/lwjgl/system/dyncall/DynCallback done
Event: 1.602 loading class org/lwjgl/glfw/GLFWCursorPosCallback$Container
Event: 1.602 loading class org/lwjgl/glfw/GLFWCursorPosCallback$Container done
Event: 1.603 loading class org/lwjgl/glfw/GLFWMouseButtonCallback$Container
Event: 1.603 loading class org/lwjgl/glfw/GLFWMouseButtonCallback$Container done
Event: 1.604 loading class org/lwjgl/glfw/GLFWScrollCallback$Container
Event: 1.604 loading class org/lwjgl/glfw/GLFWScrollCallback$Container done
Event: 1.604 loading class org/lwjgl/glfw/EventLoop$OffScreen
Event: 1.604 loading class org/lwjgl/glfw/EventLoop$OffScreen done
Event: 1.605 loading class org/lwjgl/glfw/EventLoop
Event: 1.605 loading class org/lwjgl/glfw/EventLoop done
Event: 1.609 loading class org/lwjgl/system/macosx/ObjCRuntime
Event: 1.609 loading class org/lwjgl/system/macosx/ObjCRuntime done
Event: 1.658 loading class org/lwjgl/system/dyncall/DynLoad
Event: 1.658 loading class org/lwjgl/system/dyncall/DynLoad done
Event: 1.693 loading class org/lwjgl/system/macosx/ObjCRuntime$Functions
Event: 1.693 loading class org/lwjgl/system/macosx/ObjCRuntime$Functions done
Event: 1.717 loading class org/lwjgl/system/macosx/CoreFoundation
Event: 1.717 loading class org/lwjgl/system/macosx/CoreFoundation done


Dynamic libraries:
0x00007fff32bb8000 	/System/Library/Frameworks/Cocoa.framework/Versions/A/Cocoa
0x00007fff40186000 	/System/Library/Frameworks/Security.framework/Versions/A/Security
0x00007fff31b42000 	/System/Library/Frameworks/ApplicationServices.framework/Versions/A/ApplicationServices
0x00007fff6a5b3000 	/usr/lib/libz.1.dylib
0x0000000104687000 	/Applications/IntelliJ IDEA CE.app/Contents/jbr/Contents/Home/lib/jli/libjli.dylib
0x00007fff68082000 	/usr/lib/libSystem.B.dylib
0x00007fff30d37000 	/System/Library/Frameworks/AppKit.framework/Versions/C/AppKit
0x00007fff3363b000 	/System/Library/Frameworks/CoreData.framework/Versions/A/CoreData
0x00007fff361f4000 	/System/Library/Frameworks/Foundation.framework/Versions/C/Foundation
0x00007fff6492a000 	/System/Library/PrivateFrameworks/UIFoundation.framework/Versions/A/UIFoundation
0x00007fff5f106000 	/System/Library/PrivateFrameworks/RemoteViewServices.framework/Versions/A/RemoteViewServices
0x00007fff673bd000 	/System/Library/PrivateFrameworks/XCTTargetBootstrap.framework/Versions/A/XCTTargetBootstrap
0x00007fff33a1e000 	/System/Library/Frameworks/CoreDisplay.framework/Versions/A/CoreDisplay
0x00007fff38f6c000 	/System/Library/Frameworks/Metal.framework/Versions/A/Metal
0x00007fff4d50c000 	/System/Library/PrivateFrameworks/DesktopServicesPriv.framework/Versions/A/DesktopServicesPriv
0x00007fff691b8000 	/usr/lib/liblangid.dylib
0x00007fff4c658000 	/System/Library/PrivateFrameworks/CoreSVG.framework/Versions/A/CoreSVG
0x00007fff61ecd000 	/System/Library/PrivateFrameworks/SkyLight.framework/Versions/A/SkyLight
0x00007fff33fb1000 	/System/Library/Frameworks/CoreGraphics.framework/Versions/A/CoreGraphics
0x00007fff2f8d6000 	/System/Library/Frameworks/Accelerate.framework/Versions/A/Accelerate
0x00007fff6a4a4000 	/usr/lib/libxml2.2.dylib
0x00007fff58230000 	/System/Library/PrivateFrameworks/IconServices.framework/Versions/A/IconServices
0x00007fff369d9000 	/System/Library/Frameworks/IOSurface.framework/Versions/A/IOSurface
0x00007fff67bba000 	/usr/lib/libDiagnosticMessagesClient.dylib
0x00007fff4d385000 	/System/Library/PrivateFrameworks/DFRFoundation.framework/Versions/A/DFRFoundation
0x00007fff68f46000 	/usr/lib/libicucore.A.dylib
0x00007fff31e74000 	/System/Library/Frameworks/AudioToolbox.framework/Versions/A/AudioToolbox
0x00007fff31f56000 	/System/Library/Frameworks/AudioUnit.framework/Versions/A/AudioUnit
0x00007fff68283000 	/usr/lib/libauto.dylib
0x00007fff4d406000 	/System/Library/PrivateFrameworks/DataDetectorsCore.framework/Versions/A/DataDetectorsCore
0x00007fff326d8000 	/System/Library/Frameworks/Carbon.framework/Versions/A/Frameworks/HIToolbox.framework/Versions/A/HIToolbox
0x00007fff3f3b7000 	/System/Library/Frameworks/QuartzCore.framework/Versions/A/QuartzCore
0x00007fff32a17000 	/System/Library/Frameworks/Carbon.framework/Versions/A/Frameworks/SpeechRecognition.framework/Versions/A/SpeechRecognition
0x00007fff4cd0b000 	/System/Library/PrivateFrameworks/CoreUI.framework/Versions/A/CoreUI
0x00007fff330a1000 	/System/Library/Frameworks/CoreAudio.framework/Versions/A/CoreAudio
0x00007fff35ebc000 	/System/Library/Frameworks/DiskArbitration.framework/Versions/A/DiskArbitration
0x00007fff5a245000 	/System/Library/PrivateFrameworks/MultitouchSupport.framework/Versions/A/MultitouchSupport
0x00007fff68e0c000 	/usr/lib/libenergytrace.dylib
0x00007fff36934000 	/System/Library/Frameworks/IOKit.framework/Versions/A/IOKit
0x00007fff34f1f000 	/System/Library/Frameworks/CoreServices.framework/Versions/A/CoreServices
0x00007fff5c352000 	/System/Library/PrivateFrameworks/PerformanceAnalysis.framework/Versions/A/PerformanceAnalysis
0x00007fff3e3ed000 	/System/Library/Frameworks/OpenGL.framework/Versions/A/OpenGL
0x00007fff69ed7000 	/usr/lib/libobjc.A.dylib
0x00007fff32bc6000 	/System/Library/Frameworks/ColorSync.framework/Versions/A/ColorSync
0x00007fff33b2f000 	/System/Library/Frameworks/CoreFoundation.framework/Versions/A/CoreFoundation
0x00007fff34638000 	/System/Library/Frameworks/CoreImage.framework/Versions/A/CoreImage
0x00007fff35995000 	/System/Library/Frameworks/CoreText.framework/Versions/A/CoreText
0x00007fff36a5f000 	/System/Library/Frameworks/ImageIO.framework/Versions/A/ImageIO
0x00007fff68368000 	/usr/lib/libc++.1.dylib
0x00007fff683e4000 	/usr/lib/libcompression.dylib
0x00007fff67efc000 	/usr/lib/libMobileGestalt.dylib
0x00007fff63a0c000 	/System/Library/PrivateFrameworks/TextureIO.framework/Versions/A/TextureIO
0x00007fff681e9000 	/usr/lib/libate.dylib
0x00007fff58439000 	/System/Library/PrivateFrameworks/InternationalSupport.framework/Versions/A/InternationalSupport
0x00007fff6b029000 	/usr/lib/system/libcache.dylib
0x00007fff6b02f000 	/usr/lib/system/libcommonCrypto.dylib
0x00007fff6b03b000 	/usr/lib/system/libcompiler_rt.dylib
0x00007fff6b043000 	/usr/lib/system/libcopyfile.dylib
0x00007fff6b04d000 	/usr/lib/system/libcorecrypto.dylib
0x00007fff6b1fb000 	/usr/lib/system/libdispatch.dylib
0x00007fff6b23d000 	/usr/lib/system/libdyld.dylib
0x00007fff6b273000 	/usr/lib/system/libkeymgr.dylib
0x00007fff6b281000 	/usr/lib/system/liblaunch.dylib
0x00007fff6b282000 	/usr/lib/system/libmacho.dylib
0x00007fff6b288000 	/usr/lib/system/libquarantine.dylib
0x00007fff6b28b000 	/usr/lib/system/libremovefile.dylib
0x00007fff6b28d000 	/usr/lib/system/libsystem_asl.dylib
0x00007fff6b2a5000 	/usr/lib/system/libsystem_blocks.dylib
0x00007fff6b2a6000 	/usr/lib/system/libsystem_c.dylib
0x00007fff6b32e000 	/usr/lib/system/libsystem_configuration.dylib
0x00007fff6b332000 	/usr/lib/system/libsystem_coreservices.dylib
0x00007fff6b336000 	/usr/lib/system/libsystem_darwin.dylib
0x00007fff6b33f000 	/usr/lib/system/libsystem_dnssd.dylib
0x00007fff6b347000 	/usr/lib/system/libsystem_featureflags.dylib
0x00007fff6b349000 	/usr/lib/system/libsystem_info.dylib
0x00007fff6b3c4000 	/usr/lib/system/libsystem_m.dylib
0x00007fff6b40c000 	/usr/lib/system/libsystem_malloc.dylib
0x00007fff6b434000 	/usr/lib/system/libsystem_networkextension.dylib
0x00007fff6b442000 	/usr/lib/system/libsystem_notify.dylib
0x00007fff6b461000 	/usr/lib/system/libsystem_sandbox.dylib
0x00007fff6b466000 	/usr/lib/system/libsystem_secinit.dylib
0x00007fff6b397000 	/usr/lib/system/libsystem_kernel.dylib
0x00007fff6b44c000 	/usr/lib/system/libsystem_platform.dylib
0x00007fff6b456000 	/usr/lib/system/libsystem_pthread.dylib
0x00007fff6b469000 	/usr/lib/system/libsystem_symptoms.dylib
0x00007fff6b471000 	/usr/lib/system/libsystem_trace.dylib
0x00007fff6b489000 	/usr/lib/system/libunwind.dylib
0x00007fff6b48f000 	/usr/lib/system/libxpc.dylib
0x00007fff683bc000 	/usr/lib/libc++abi.dylib
0x00007fff691ba000 	/usr/lib/liblzma.5.dylib
0x00007fff68e34000 	/usr/lib/libfakelink.dylib
0x00007fff68176000 	/usr/lib/libarchive.2.dylib
0x00007fff41328000 	/System/Library/Frameworks/SystemConfiguration.framework/Versions/A/SystemConfiguration
0x00007fff67aeb000 	/usr/lib/libCRFSuite.dylib
0x00007fff322cc000 	/System/Library/Frameworks/CFNetwork.framework/Versions/A/CFNetwork
0x00007fff6834a000 	/usr/lib/libbsm.0.dylib
0x00007fff6b274000 	/usr/lib/system/libkxld.dylib
0x00007fff46e3c000 	/System/Library/PrivateFrameworks/AppleFSCompression.framework/Versions/A/AppleFSCompression
0x00007fff686cb000 	/usr/lib/libcoretls.dylib
0x00007fff686e2000 	/usr/lib/libcoretls_cfhelpers.dylib
0x00007fff69f1b000 	/usr/lib/libpam.2.dylib
0x00007fff6a04e000 	/usr/lib/libsqlite3.dylib
0x00007fff6a491000 	/usr/lib/libxar.1.dylib
0x00007fff6835b000 	/usr/lib/libbz2.1.0.dylib
0x00007fff68e55000 	/usr/lib/libiconv.2.dylib
0x00007fff683d1000 	/usr/lib/libcharset.1.dylib
0x00007fff699c2000 	/usr/lib/libnetwork.dylib
0x00007fff69f22000 	/usr/lib/libpcap.A.dylib
0x00007fff6812b000 	/usr/lib/libapple_nghttp2.dylib
0x00007fff352d6000 	/System/Library/Frameworks/CoreServices.framework/Versions/A/Frameworks/FSEvents.framework/Versions/A/FSEvents
0x00007fff34fa6000 	/System/Library/Frameworks/CoreServices.framework/Versions/A/Frameworks/CarbonCore.framework/Versions/A/CarbonCore
0x00007fff35519000 	/System/Library/Frameworks/CoreServices.framework/Versions/A/Frameworks/Metadata.framework/Versions/A/Metadata
0x00007fff355b2000 	/System/Library/Frameworks/CoreServices.framework/Versions/A/Frameworks/OSServices.framework/Versions/A/OSServices
0x00007fff355e0000 	/System/Library/Frameworks/CoreServices.framework/Versions/A/Frameworks/SearchKit.framework/Versions/A/SearchKit
0x00007fff34f20000 	/System/Library/Frameworks/CoreServices.framework/Versions/A/Frameworks/AE.framework/Versions/A/AE
0x00007fff352df000 	/System/Library/Frameworks/CoreServices.framework/Versions/A/Frameworks/LaunchServices.framework/Versions/A/LaunchServices
0x00007fff35288000 	/System/Library/Frameworks/CoreServices.framework/Versions/A/Frameworks/DictionaryServices.framework/Versions/A/DictionaryServices
0x00007fff35648000 	/System/Library/Frameworks/CoreServices.framework/Versions/A/Frameworks/SharedFileList.framework/Versions/A/SharedFileList
0x00007fff3a241000 	/System/Library/Frameworks/NetFS.framework/Versions/A/NetFS
0x00007fff5a775000 	/System/Library/PrivateFrameworks/NetAuth.framework/Versions/A/NetAuth
0x00007fff67788000 	/System/Library/PrivateFrameworks/login.framework/Versions/A/Frameworks/loginsupport.framework/Versions/A/loginsupport
0x00007fff63507000 	/System/Library/PrivateFrameworks/TCC.framework/Versions/A/TCC
0x00007fff4ba27000 	/System/Library/PrivateFrameworks/CoreNLP.framework/Versions/A/CoreNLP
0x00007fff59c75000 	/System/Library/PrivateFrameworks/MetadataUtilities.framework/Versions/A/MetadataUtilities
0x00007fff69292000 	/usr/lib/libmecabra.dylib
0x00007fff691ea000 	/usr/lib/libmecab.dylib
0x00007fff68e45000 	/usr/lib/libgermantok.dylib
0x00007fff68112000 	/usr/lib/libThaiTokenizer.dylib
0x00007fff67b23000 	/usr/lib/libChineseTokenizer.dylib
0x00007fff2f8ee000 	/System/Library/Frameworks/Accelerate.framework/Versions/A/Frameworks/vImage.framework/Versions/A/vImage
0x00007fff30b91000 	/System/Library/Frameworks/Accelerate.framework/Versions/A/Frameworks/vecLib.framework/Versions/A/vecLib
0x00007fff30ad5000 	/System/Library/Frameworks/Accelerate.framework/Versions/A/Frameworks/vecLib.framework/Versions/A/libvMisc.dylib
0x00007fff308fb000 	/System/Library/Frameworks/Accelerate.framework/Versions/A/Frameworks/vecLib.framework/Versions/A/libvDSP.dylib
0x00007fff2ff5a000 	/System/Library/Frameworks/Accelerate.framework/Versions/A/Frameworks/vecLib.framework/Versions/A/libBLAS.dylib
0x00007fff304b5000 	/System/Library/Frameworks/Accelerate.framework/Versions/A/Frameworks/vecLib.framework/Versions/A/libLAPACK.dylib
0x00007fff3085b000 	/System/Library/Frameworks/Accelerate.framework/Versions/A/Frameworks/vecLib.framework/Versions/A/libLinearAlgebra.dylib
0x00007fff308e8000 	/System/Library/Frameworks/Accelerate.framework/Versions/A/Frameworks/vecLib.framework/Versions/A/libSparseBLAS.dylib
0x00007fff30871000 	/System/Library/Frameworks/Accelerate.framework/Versions/A/Frameworks/vecLib.framework/Versions/A/libQuadrature.dylib
0x00007fff301c4000 	/System/Library/Frameworks/Accelerate.framework/Versions/A/Frameworks/vecLib.framework/Versions/A/libBNNS.dylib
0x00007fff30877000 	/System/Library/Frameworks/Accelerate.framework/Versions/A/Frameworks/vecLib.framework/Versions/A/libSparse.dylib
0x00007fff587f8000 	/System/Library/PrivateFrameworks/LanguageModeling.framework/Versions/A/LanguageModeling
0x00007fff4b3c3000 	/System/Library/PrivateFrameworks/CoreEmoji.framework/Versions/A/CoreEmoji
0x00007fff58916000 	/System/Library/PrivateFrameworks/LinguisticData.framework/Versions/A/LinguisticData
0x00007fff588c7000 	/System/Library/PrivateFrameworks/Lexicon.framework/Versions/A/Lexicon
0x00007fff683d2000 	/usr/lib/libcmph.dylib
0x00007fff3ce13000 	/System/Library/Frameworks/OpenDirectory.framework/Versions/A/Frameworks/CFOpenDirectory.framework/Versions/A/CFOpenDirectory
0x00007fff3ce30000 	/System/Library/Frameworks/OpenDirectory.framework/Versions/A/OpenDirectory
0x00007fff450fd000 	/System/Library/PrivateFrameworks/APFS.framework/Versions/A/APFS
0x00007fff404d9000 	/System/Library/Frameworks/SecurityFoundation.framework/Versions/A/SecurityFoundation
0x00007fff6a48d000 	/usr/lib/libutil.dylib
0x00007fff4c6b0000 	/System/Library/PrivateFrameworks/CoreServicesStore.framework/Versions/A/CoreServicesStore
0x00007fff40591000 	/System/Library/Frameworks/ServiceManagement.framework/Versions/A/ServiceManagement
0x00007fff485f3000 	/System/Library/PrivateFrameworks/BackgroundTaskManagement.framework/Versions/A/BackgroundTaskManagement
0x00007fff6a58a000 	/usr/lib/libxslt.1.dylib
0x00007fff474a1000 	/System/Library/PrivateFrameworks/AppleSystemInfo.framework/Versions/A/AppleSystemInfo
0x00007fff36c7c000 	/System/Library/Frameworks/ImageIO.framework/Versions/A/Resources/libJPEG.dylib
0x00007fff36f3b000 	/System/Library/Frameworks/ImageIO.framework/Versions/A/Resources/libTIFF.dylib
0x00007fff36f1e000 	/System/Library/Frameworks/ImageIO.framework/Versions/A/Resources/libPng.dylib
0x00007fff36bbd000 	/System/Library/Frameworks/ImageIO.framework/Versions/A/Resources/libGIF.dylib
0x00007fff36bc1000 	/System/Library/Frameworks/ImageIO.framework/Versions/A/Resources/libJP2.dylib
0x00007fff36f39000 	/System/Library/Frameworks/ImageIO.framework/Versions/A/Resources/libRadiance.dylib
0x00007fff68e0d000 	/usr/lib/libexpat.1.dylib
0x00007fff46f97000 	/System/Library/PrivateFrameworks/AppleJPEG.framework/Versions/A/AppleJPEG
0x00007fff4f92a000 	/System/Library/PrivateFrameworks/FontServices.framework/libFontParser.dylib
0x00007fff667df000 	/System/Library/PrivateFrameworks/WatchdogClient.framework/Versions/A/WatchdogClient
0x00007fff57e85000 	/System/Library/PrivateFrameworks/IOAccelerator.framework/Versions/A/IOAccelerator
0x00007fff392fa000 	/System/Library/Frameworks/MetalPerformanceShaders.framework/Versions/A/MetalPerformanceShaders
0x00007fff54678000 	/System/Library/PrivateFrameworks/GPUWrangler.framework/Versions/A/GPUWrangler
0x00007fff57e90000 	/System/Library/PrivateFrameworks/IOPresentment.framework/Versions/A/IOPresentment
0x00007fff4d398000 	/System/Library/PrivateFrameworks/DSExternalDisplay.framework/Versions/A/DSExternalDisplay
0x00007fff3d799000 	/System/Library/Frameworks/OpenGL.framework/Versions/A/Libraries/libCoreFSCache.dylib
0x00007fff3904c000 	/System/Library/Frameworks/MetalPerformanceShaders.framework/Frameworks/MPSCore.framework/Versions/A/MPSCore
0x00007fff39089000 	/System/Library/Frameworks/MetalPerformanceShaders.framework/Frameworks/MPSImage.framework/Versions/A/MPSImage
0x00007fff3914b000 	/System/Library/Frameworks/MetalPerformanceShaders.framework/Frameworks/MPSNeuralNetwork.framework/Versions/A/MPSNeuralNetwork
0x00007fff39110000 	/System/Library/Frameworks/MetalPerformanceShaders.framework/Frameworks/MPSMatrix.framework/Versions/A/MPSMatrix
0x00007fff392ab000 	/System/Library/Frameworks/MetalPerformanceShaders.framework/Frameworks/MPSRayIntersector.framework/Versions/A/MPSRayIntersector
0x00007fff39135000 	/System/Library/Frameworks/MetalPerformanceShaders.framework/Frameworks/MPSNDArray.framework/Versions/A/MPSNDArray
0x00007fff59cc2000 	/System/Library/PrivateFrameworks/MetalTools.framework/Versions/A/MetalTools
0x00007fff462c2000 	/System/Library/PrivateFrameworks/AggregateDictionary.framework/Versions/A/AggregateDictionary
0x00007fff4ae4d000 	/System/Library/PrivateFrameworks/CoreAnalytics.framework/Versions/A/CoreAnalytics
0x00007fff473bf000 	/System/Library/PrivateFrameworks/AppleSauce.framework/Versions/A/AppleSauce
0x00007fff67ddf000 	/usr/lib/libIOReport.dylib
0x00007fff35b4a000 	/System/Library/Frameworks/CoreVideo.framework/Versions/A/CoreVideo
0x00007fff55ae6000 	/System/Library/PrivateFrameworks/GraphVisualizer.framework/Versions/A/GraphVisualizer
0x00007fff4eeab000 	/System/Library/PrivateFrameworks/FaceCore.framework/Versions/A/FaceCore
0x00007fff3cdba000 	/System/Library/Frameworks/OpenCL.framework/Versions/A/OpenCL
0x00007fff67c01000 	/usr/lib/libFosl_dynamic.dylib
0x00007fff5b170000 	/System/Library/PrivateFrameworks/OTSVG.framework/Versions/A/OTSVG
0x00007fff31c47000 	/System/Library/Frameworks/ApplicationServices.framework/Versions/A/Frameworks/ATS.framework/Versions/A/Resources/libFontRegistry.dylib
0x00007fff4fafb000 	/System/Library/PrivateFrameworks/FontServices.framework/libhvf.dylib
0x00007fff3d7a4000 	/System/Library/Frameworks/OpenGL.framework/Versions/A/Libraries/libGFXShared.dylib
0x00007fff3d981000 	/System/Library/Frameworks/OpenGL.framework/Versions/A/Libraries/libGLU.dylib
0x00007fff3d7ad000 	/System/Library/Frameworks/OpenGL.framework/Versions/A/Libraries/libGL.dylib
0x00007fff3d7b8000 	/System/Library/Frameworks/OpenGL.framework/Versions/A/Libraries/libGLImage.dylib
0x00007fff3d796000 	/System/Library/Frameworks/OpenGL.framework/Versions/A/Libraries/libCVMSPluginSupport.dylib
0x00007fff3d79f000 	/System/Library/Frameworks/OpenGL.framework/Versions/A/Libraries/libCoreVMClient.dylib
0x00007fff69864000 	/usr/lib/libncurses.5.4.dylib
0x00007fff31b43000 	/System/Library/Frameworks/ApplicationServices.framework/Versions/A/Frameworks/ATS.framework/Versions/A/ATS
0x00007fff31d10000 	/System/Library/Frameworks/ApplicationServices.framework/Versions/A/Frameworks/ColorSyncLegacy.framework/Versions/A/ColorSyncLegacy
0x00007fff31daf000 	/System/Library/Frameworks/ApplicationServices.framework/Versions/A/Frameworks/HIServices.framework/Versions/A/HIServices
0x00007fff31e06000 	/System/Library/Frameworks/ApplicationServices.framework/Versions/A/Frameworks/LangAnalysis.framework/Versions/A/LangAnalysis
0x00007fff31e15000 	/System/Library/Frameworks/ApplicationServices.framework/Versions/A/Frameworks/PrintCore.framework/Versions/A/PrintCore
0x00007fff31e5b000 	/System/Library/Frameworks/ApplicationServices.framework/Versions/A/Frameworks/QD.framework/Versions/A/QD
0x00007fff31e66000 	/System/Library/Frameworks/ApplicationServices.framework/Versions/A/Frameworks/SpeechSynthesis.framework/Versions/A/SpeechSynthesis
0x00007fff31ce0000 	/System/Library/Frameworks/ApplicationServices.framework/Versions/A/Frameworks/ATSUI.framework/Versions/A/ATSUI
0x00007fff68ca1000 	/usr/lib/libcups.2.dylib
0x00007fff383a9000 	/System/Library/Frameworks/Kerberos.framework/Versions/A/Kerberos
0x00007fff36629000 	/System/Library/Frameworks/GSS.framework/Versions/A/GSS
0x00007fff69fda000 	/usr/lib/libresolv.9.dylib
0x00007fff55c87000 	/System/Library/PrivateFrameworks/Heimdal.framework/Versions/A/Heimdal
0x00007fff383bc000 	/System/Library/Frameworks/Kerberos.framework/Versions/A/Libraries/libHeimdalProxy.dylib
0x00007fff68e4b000 	/usr/lib/libheimdal-asn1.dylib
0x00007fff4a2f3000 	/System/Library/PrivateFrameworks/CommonAuth.framework/Versions/A/CommonAuth
0x00007fff4753e000 	/System/Library/PrivateFrameworks/AssertionServices.framework/Versions/A/AssertionServices
0x00007fff480e1000 	/System/Library/PrivateFrameworks/AudioToolboxCore.framework/Versions/A/AudioToolboxCore
0x00007fff67439000 	/System/Library/PrivateFrameworks/caulk.framework/Versions/A/caulk
0x00007fff4869f000 	/System/Library/PrivateFrameworks/BaseBoard.framework/Versions/A/BaseBoard
0x00007fff5f295000 	/System/Library/PrivateFrameworks/RunningBoardServices.framework/Versions/A/RunningBoardServices
0x00007fff5c35e000 	/System/Library/PrivateFrameworks/PersistentConnection.framework/Versions/A/PersistentConnection
0x00007fff5ece4000 	/System/Library/PrivateFrameworks/ProtocolBuffer.framework/Versions/A/ProtocolBuffer
0x00007fff4a318000 	/System/Library/PrivateFrameworks/CommonUtilities.framework/Versions/A/CommonUtilities
0x00007fff48822000 	/System/Library/PrivateFrameworks/Bom.framework/Versions/A/Bom
0x00007fff67aae000 	/usr/lib/libAudioToolboxUtility.dylib
0x00007fff485fd000 	/System/Library/PrivateFrameworks/Backup.framework/Versions/A/Backup
0x00007fff4d108000 	/System/Library/PrivateFrameworks/CrashReporterSupport.framework/Versions/A/CrashReporterSupport
0x00007fff60d91000 	/System/Library/PrivateFrameworks/Sharing.framework/Versions/A/Sharing
0x00007fff46ce2000 	/System/Library/PrivateFrameworks/Apple80211.framework/Versions/A/Apple80211
0x00007fff4831f000 	/System/Library/PrivateFrameworks/AuthKit.framework/Versions/A/AuthKit
0x00007fff4ce38000 	/System/Library/PrivateFrameworks/CoreUtils.framework/Versions/A/CoreUtils
0x00007fff35b8f000 	/System/Library/Frameworks/CoreWLAN.framework/Versions/A/CoreWLAN
0x00007fff367b5000 	/System/Library/Frameworks/IOBluetooth.framework/Versions/A/IOBluetooth
0x00007fff59fc0000 	/System/Library/PrivateFrameworks/MobileKeyBag.framework/Versions/A/MobileKeyBag
0x00007fff4bf03000 	/System/Library/PrivateFrameworks/CorePhoneNumbers.framework/Versions/A/CorePhoneNumbers
0x00007fff46f4a000 	/System/Library/PrivateFrameworks/AppleIDAuthSupport.framework/Versions/A/AppleIDAuthSupport
0x00007fff3a24e000 	/System/Library/Frameworks/Network.framework/Versions/A/Network
0x00007fff58680000 	/System/Library/PrivateFrameworks/KeychainCircle.framework/Versions/A/KeychainCircle
0x00007fff33603000 	/System/Library/Frameworks/CoreBluetooth.framework/Versions/A/CoreBluetooth
0x00007fff62a0d000 	/System/Library/PrivateFrameworks/SpeechRecognitionCore.framework/Versions/A/SpeechRecognitionCore
0x0000000105000000 	/Applications/IntelliJ IDEA CE.app/Contents/jbr/Contents/Home/lib/server/libjvm.dylib
0x00000001046aa000 	/Applications/IntelliJ IDEA CE.app/Contents/jbr/Contents/Home/lib/libverify.dylib
0x00000001046bb000 	/Applications/IntelliJ IDEA CE.app/Contents/jbr/Contents/Home/lib/libjava.dylib
0x0000000104749000 	/Applications/IntelliJ IDEA CE.app/Contents/jbr/Contents/Home/lib/libzip.dylib
0x0000000104756000 	/Applications/IntelliJ IDEA CE.app/Contents/jbr/Contents/Home/lib/libjimage.dylib
0x0000000120368000 	/Applications/IntelliJ IDEA CE.app/Contents/jbr/Contents/Home/lib/libnio.dylib
0x000000012037b000 	/Applications/IntelliJ IDEA CE.app/Contents/jbr/Contents/Home/lib/libnet.dylib
0x000000012041d000 	/Applications/IntelliJ IDEA CE.app/Contents/jbr/Contents/Home/lib/libawt.dylib
0x00000001204bd000 	/Applications/IntelliJ IDEA CE.app/Contents/jbr/Contents/Home/lib/libmlib_image.dylib
0x00007fff38392000 	/System/Library/Frameworks/JavaVM.framework/Versions/A/Frameworks/JavaNativeFoundation.framework/Versions/A/JavaNativeFoundation
0x00007fff3839b000 	/System/Library/Frameworks/JavaVM.framework/Versions/A/Frameworks/JavaRuntimeSupport.framework/Versions/A/JavaRuntimeSupport
0x00007fff383a4000 	/System/Library/Frameworks/JavaVM.framework/Versions/A/JavaVM
0x00007fff584e3000 	/System/Library/PrivateFrameworks/JavaLaunching.framework/Versions/A/JavaLaunching
0x00007fff326d3000 	/System/Library/Frameworks/Carbon.framework/Versions/A/Carbon
0x00007fff4cbec000 	/System/Library/PrivateFrameworks/CoreSymbolication.framework/Versions/A/CoreSymbolication
0x00007fff326d4000 	/System/Library/Frameworks/Carbon.framework/Versions/A/Frameworks/CommonPanels.framework/Versions/A/CommonPanels
0x00007fff329cd000 	/System/Library/Frameworks/Carbon.framework/Versions/A/Frameworks/Help.framework/Versions/A/Help
0x00007fff329d1000 	/System/Library/Frameworks/Carbon.framework/Versions/A/Frameworks/ImageCapture.framework/Versions/A/ImageCapture
0x00007fff329d8000 	/System/Library/Frameworks/Carbon.framework/Versions/A/Frameworks/OpenScripting.framework/Versions/A/OpenScripting
0x00007fff329d7000 	/System/Library/Frameworks/Carbon.framework/Versions/A/Frameworks/Ink.framework/Versions/A/Ink
0x00007fff32a13000 	/System/Library/Frameworks/Carbon.framework/Versions/A/Frameworks/Print.framework/Versions/A/Print
0x00007fff32a14000 	/System/Library/Frameworks/Carbon.framework/Versions/A/Frameworks/SecurityHI.framework/Versions/A/SecurityHI
0x00007fff4d4cd000 	/System/Library/PrivateFrameworks/DebugSymbols.framework/Versions/A/DebugSymbols
0x0000000120529000 	/Applications/IntelliJ IDEA CE.app/Contents/jbr/Contents/Home/lib/libawt_lwawt.dylib
0x0000000120604000 	/Applications/IntelliJ IDEA CE.app/Contents/jbr/Contents/Home/lib/libosxapp.dylib
0x00007fff36097000 	/System/Library/Frameworks/ExceptionHandling.framework/Versions/A/ExceptionHandling
0x0000000120340000 	/private/var/folders/kc/m59prmsj5sj189_7dcbqdh180000gn/T/lwjglericnewton/3.2.3-build-13/liblwjgl.dylib
0x0000000120702000 	/private/var/folders/kc/m59prmsj5sj189_7dcbqdh180000gn/T/lwjglericnewton/3.2.3-build-13/libglfw.dylib
0x00007fff4c67c000 	/System/Library/PrivateFrameworks/CoreServicesInternal.framework/Versions/A/CoreServicesInternal
0x00007fff360b6000 	/System/Library/Frameworks/FileProvider.framework/Versions/A/FileProvider
0x00007fff30b92000 	/System/Library/Frameworks/Accounts.framework/Versions/A/Accounts
0x00007fff5499c000 	/System/Library/PrivateFrameworks/GenerationalStorage.framework/Versions/A/GenerationalStorage
0x00007fff63248000 	/System/Library/PrivateFrameworks/SymptomDiagnosticReporter.framework/Versions/A/SymptomDiagnosticReporter
0x00007fff467d3000 	/System/Library/PrivateFrameworks/AppContainer.framework/Versions/A/AppContainer
0x00007fff69ff4000 	/usr/lib/libsandbox.1.dylib
0x00007fff65778000 	/System/Library/PrivateFrameworks/UserManagement.framework/Versions/A/UserManagement
0x00007fff493e4000 	/System/Library/PrivateFrameworks/ChunkingLibrary.framework/Versions/A/ChunkingLibrary
0x00007fff46845000 	/System/Library/PrivateFrameworks/AppSandbox.framework/Versions/A/AppSandbox
0x00007fff60c1b000 	/System/Library/PrivateFrameworks/SecCodeWrapper.framework/Versions/A/SecCodeWrapper
0x00007fff67ec5000 	/usr/lib/libMatch.1.dylib
0x0000000121a73000 	/private/var/folders/kc/m59prmsj5sj189_7dcbqdh180000gn/T/lwjglericnewton/3.2.3-build-13/libjemalloc.dylib
0x00007fff2f8d7000 	/System/Library/Frameworks/Accelerate.framework/Versions/A/Frameworks/vImage.framework/Versions/A/Libraries/libCGInterfaces.dylib
0x00007fff4fa62000 	/System/Library/PrivateFrameworks/FontServices.framework/libTrueTypeScaler.dylib


VM Arguments:
jvm_args: -Dfile.encoding=UTF-8 -Duser.country=CA -Duser.language=en -Duser.variant 
java_command: main.Main
java_class_path (initial): /Users/ericnewton/VillagePeople/build/classes/java/main:/Users/ericnewton/VillagePeople/build/resources/main:/Users/ericnewton/.gradle/caches/modules-2/files-2.1/org.lwjgl/lwjgl-assimp/3.2.3/f62aa07a20afbdd3097efc296c4841e0d29700eb/lwjgl-assimp-3.2.3.jar:/Users/ericnewton/.gradle/caches/modules-2/files-2.1/org.lwjgl/lwjgl-assimp/3.2.3/6efe40673c59667d5eb759c5a77e53e0f5abdb31/lwjgl-assimp-3.2.3-natives-macos.jar:/Users/ericnewton/.gradle/caches/modules-2/files-2.1/org.lwjgl/lwjgl-bgfx/3.2.3/433883c4040fa8df47244dffa1d42c96ce2143de/lwjgl-bgfx-3.2.3.jar:/Users/ericnewton/.gradle/caches/modules-2/files-2.1/org.lwjgl/lwjgl-bgfx/3.2.3/ae9b31bbbe5e2783e9611f9bebe7d83d86a3cfb1/lwjgl-bgfx-3.2.3-natives-macos.jar:/Users/ericnewton/.gradle/caches/modules-2/files-2.1/org.lwjgl/lwjgl-cuda/3.2.3/fb91f3aaa29e69eee7f1314a63d3e3068ad138e4/lwjgl-cuda-3.2.3.jar:/Users/ericnewton/.gradle/caches/modules-2/files-2.1/org.lwjgl/lwjgl-egl/3.2.3/45ad689a4346fac69d4e8696fa02aaa98f0ea196/lwjgl-egl-3.2.3.jar:/Users/ericnewton/.gradle/caches/modules-2/files-2.1/org.lwjgl/lwjgl-glfw/3.2.3/5e520d5c290c8b012545a8d34fa5db5ab051ea53/lwjgl-glfw-3.2.3.jar:/Users/ericnewton/.gradle/caches/modules-2/files-2.1/org.lwjgl/lwjgl-glfw/3.2.3/58661272eacb9116336c88b4aadccf1f17c09b/lwjgl-glfw-3.2.3-natives-macos.jar:/Users/ericnewton/.gradle/caches/modules-2/files-2.1/org.lwjgl/lwjgl-jawt/3.2.3/b93ceb43c55c28651e178af42e1f344e1e9d8bf3/lwjgl-jawt-3.2.3.jar:/Users/ericnewton/.gradle/caches/modules-2/files-2.1/org.lwjgl/lwjgl-jemalloc/3.2.3/b6fd0932171ba3f2eaa4547beddca3a3e645342d/lwjgl-jemalloc-3.2.3.jar:/Users/ericnewton/.gradle/caches/modules-2/files-2.1/org.lwjgl/lwjgl-jemalloc/3.2.3/d6ffcb4224d3ccd3c31bd80093f71e69a7133a6a/lwjgl-jemalloc-3.2.3-natives-macos.jar:/Users/ericnewton/.gradle/caches/modules-2/files-2.1/org.lwjgl/lwjgl-libdivide/3.2.3/58c515f934b8b3fd64897d436a9aaea518ac180a/lwjgl-libdivide-3.2.3.jar:/Users/ericnewton/.gradle/caches/modules-2/files-2.1/org.lwjgl/lwjgl-lib
Launcher Type: SUN_STANDARD

[Global flags]
     intx CICompilerCount                          = 3                                         {product} {ergonomic}
     uint ConcGCThreads                            = 1                                         {product} {ergonomic}
     uint G1ConcRefinementThreads                  = 4                                         {product} {ergonomic}
   size_t G1HeapRegionSize                         = 1048576                                   {product} {ergonomic}
    uintx GCDrainStackTargetSize                   = 64                                        {product} {ergonomic}
   size_t InitialHeapSize                          = 67108864                                  {product} {ergonomic}
   size_t MarkStackSize                            = 4194304                                   {product} {ergonomic}
   size_t MaxHeapSize                              = 1073741824                                {product} {ergonomic}
   size_t MaxNewSize                               = 643825664                                 {product} {ergonomic}
   size_t MinHeapDeltaBytes                        = 1048576                                   {product} {ergonomic}
    uintx NonNMethodCodeHeapSize                   = 5830732                                {pd product} {ergonomic}
    uintx NonProfiledCodeHeapSize                  = 122913754                              {pd product} {ergonomic}
    uintx ProfiledCodeHeapSize                     = 122913754                              {pd product} {ergonomic}
    uintx ReservedCodeCacheSize                    = 251658240                              {pd product} {ergonomic}
     bool SegmentedCodeCache                       = true                                      {product} {ergonomic}
     bool UseCompressedClassPointers               = true                                 {lp64_product} {ergonomic}
     bool UseCompressedOops                        = true                                 {lp64_product} {ergonomic}
     bool UseG1GC                                  = true                                      {product} {ergonomic}

Logging:
Log output configuration:
 #0: stdout all=warning uptime,level,tags
 #1: stderr all=off uptime,level,tags

Environment Variables:
PATH=/usr/local/bin:/usr/bin:/bin:/usr/sbin:/sbin:/Library/Frameworks/Mono.framework/Versions/Current/Commands
SHELL=/bin/bash

Signal Handlers:
SIGSEGV: [libjvm.dylib+0x742f60], sa_mask[0]=11111111011111110111111111111111, sa_flags=SA_ONSTACK|SA_RESTART|SA_SIGINFO
SIGBUS: [libjvm.dylib+0x742f60], sa_mask[0]=11111111011111110111111111111111, sa_flags=SA_RESTART|SA_SIGINFO
SIGFPE: [libjvm.dylib+0x742f60], sa_mask[0]=11111111011111110111111111111111, sa_flags=SA_RESTART|SA_SIGINFO
SIGPIPE: [libjvm.dylib+0x5f4978], sa_mask[0]=11111111011111110111111111111111, sa_flags=SA_RESTART|SA_SIGINFO
SIGXFSZ: [libjvm.dylib+0x5f4978], sa_mask[0]=11111111011111110111111111111111, sa_flags=SA_RESTART|SA_SIGINFO
SIGILL: [libjvm.dylib+0x742f60], sa_mask[0]=11111111011111110111111111111111, sa_flags=SA_RESTART|SA_SIGINFO
SIGUSR2: [libjvm.dylib+0x5f4f5d], sa_mask[0]=00100000000000000000000000000000, sa_flags=SA_RESTART|SA_SIGINFO
SIGHUP: [libjvm.dylib+0x5f3a8f], sa_mask[0]=11111111011111110111111111111111, sa_flags=SA_RESTART|SA_SIGINFO
SIGINT: [libjvm.dylib+0x5f3a8f], sa_mask[0]=11111111011111110111111111111111, sa_flags=SA_RESTART|SA_SIGINFO
SIGTERM: [libjvm.dylib+0x5f3a8f], sa_mask[0]=11111111011111110111111111111111, sa_flags=SA_RESTART|SA_SIGINFO
SIGQUIT: [libjvm.dylib+0x5f3a8f], sa_mask[0]=11111111011111110111111111111111, sa_flags=SA_RESTART|SA_SIGINFO


---------------  S Y S T E M  ---------------

OS:uname:Darwin 19.3.0 Darwin Kernel Version 19.3.0: Thu Jan  9 20:58:23 PST 2020; root:xnu-6153.81.5~1/RELEASE_X86_64 x86_64
rlimit: STACK 8192k, CORE 0k, NPROC 1392, NOFILE 10240, AS infinity, DATA infinity, FSIZE infinity
load average:11.85 7.50 6.73

CPU:total 4 (initial active 4) (2 cores per cpu, 2 threads per core) family 6 model 61 stepping 4, cmov, cx8, fxsr, mmx, sse, sse2, sse3, ssse3, sse4.1, sse4.2, popcnt, avx, avx2, aes, clmul, erms, 3dnowpref, lzcnt, ht, tsc, tscinvbit, bmi1, bmi2, adx, fma

Memory: 4k page, physical 4194304k(39908k free), swap 3145728k(1316096k free)

vm_info: OpenJDK 64-Bit Server VM (11.0.5+10-b520.38) for bsd-amd64 JRE (11.0.5+10-b520.38), built on Jan 22 2020 21:12:29 by "builduser" with gcc 4.2.1 Compatible Apple LLVM 9.1.0 (clang-902.0.39.2)

END.
