#
# A fatal error has been detected by the Java Runtime Environment:
#
#  SIGSEGV (0xb) at pc=0x00007fff326fd357, pid=28416, tid=23303
#
# JRE version: OpenJDK Runtime Environment (11.0.5+10) (build 11.0.5+10-b520.38)
# Java VM: OpenJDK 64-Bit Server VM (11.0.5+10-b520.38, mixed mode, tiered, compressed oops, g1 gc, bsd-amd64)
# Problematic frame:
# C  [HIToolbox+0x25357]  HIMenuBarView::MeasureAppMenus()+0xcf
#
# No core dump will be written. Core dumps have been disabled. To enable core dumping, try "ulimit -c unlimited" before starting Java again
#
# If you would like to submit a bug report, please visit:
#   http://bugreport.java.com/bugreport/crash.jsp
# The crash happened outside the Java Virtual Machine in native code.
# See problematic frame for where to report the bug.
#

---------------  S U M M A R Y ------------

Command Line: -Dfile.encoding=UTF-8 -Duser.country=CA -Duser.language=en -Duser.variant main.Main

Host: MacBookAir7,2 x86_64 1600 MHz, 4 cores, 4G, Darwin 19.3.0
Time: Wed Mar  4 12:05:23 2020 PST elapsed time: 2 seconds (0d 0h 0m 2s)

---------------  T H R E A D  ---------------

Current thread (0x00007ff121863800):  JavaThread "game" [_thread_in_native, id=23303, stack(0x0000700003a10000,0x0000700003b10000)]

Stack: [0x0000700003a10000,0x0000700003b10000],  sp=0x0000700003b0e0e0,  free space=1016k
Native frames: (J=compiled Java code, A=aot compiled Java code, j=interpreted, Vv=VM code, C=native code)
C  [HIToolbox+0x25357]  HIMenuBarView::MeasureAppMenus()+0xcf
C  [HIToolbox+0x24ef7]  HIMenuBarView::EnsureBarLayout()+0x1a3
C  [HIToolbox+0x24817]  HIMenuBarView::DrawOnce(CGRect, CGRect, bool, bool, CGContext*)+0x23b
C  [HIToolbox+0x244f6]  HIMenuBarView::DrawSelf(short, __HIShape const*, CGContext*)+0x23a
C  [HIToolbox+0x23f3e]  HIMenuBarView::DrawWithoutCustomization(short, __HIShape const*, CGContext*)+0x52
C  [HIToolbox+0x23ed6]  HIMenuBarView::DrawingDelegateHandler(OpaqueEventHandlerCallRef*, OpaqueEventRef*, void*)+0x102
C  [HIToolbox+0x8711]  DispatchEventToHandlers(EventTargetRec*, OpaqueEventRef*, HandlerCallRec*)+0x58b
C  [HIToolbox+0x7ae0]  SendEventToEventTargetInternal(OpaqueEventRef*, OpaqueEventTargetRef*, HandlerCallRec*)+0x152
C  [HIToolbox+0x7983]  SendEventToEventTargetWithOptions+0x2d
C  [HIToolbox+0x23a4b]  HIView::SendDraw(short, OpaqueGrafPtr*, __HIShape const*, CGContext*)+0x145
C  [HIToolbox+0x234be]  HIView::RecursiveDrawComposited(__HIShape const*, __HIShape const*, unsigned int, HIView*, CGContext*, unsigned char, double)+0x246
C  [HIToolbox+0x23709]  HIView::RecursiveDrawComposited(__HIShape const*, __HIShape const*, unsigned int, HIView*, CGContext*, unsigned char, double)+0x491
C  [HIToolbox+0x22ef9]  HIView::DrawComposited(short, OpaqueGrafPtr*, __HIShape const*, unsigned int, HIView*, CGContext*)+0x32f
C  [HIToolbox+0x22bbb]  HIView::Render(unsigned int, CGContext*)+0x33
C  [HIToolbox+0x222e9]  WindowData::PrepareForVisibility()+0x99
C  [HIToolbox+0x78464]  _ShowHideWindows+0x11e
C  [HIToolbox+0x21d30]  ShowHide+0x23
C  [HIToolbox+0x11f0b]  MBWindows::GetWindowOnDisplay(unsigned int, unsigned char)+0x121
C  [HIToolbox+0x11cef]  MenuBarInstance::ForEachWindowDo(unsigned char, bool (OpaqueWindowPtr*, unsigned int) block_pointer)+0xb7
C  [HIToolbox+0x11bef]  MenuBarInstance::SetBoundsAndUpdateResolution()+0x67
C  [HIToolbox+0x1176a]  MenuBarInstance::Show(MenuBarAnimationStyle, unsigned char, unsigned char, unsigned char, unsigned char)+0x118
C  [HIToolbox+0x111a1]  MenuBarInstance::UpdateAggregateUIMode(MenuBarAnimationStyle, unsigned char, unsigned char, unsigned char)+0x325
C  [HIToolbox+0x10daa]  MenuBarInstance::ForEachMenuBarDo(void (MenuBarInstance*) block_pointer)+0x2e
C  [HIToolbox+0x10d4a]  UpdateAllAggregateUIModes(MenuBarAnimationStyle, unsigned char)+0x7e
C  [HIToolbox+0x10cb6]  SetSystemUIMode+0xa5
C  [AppKit+0x3150b]  -[NSApplication finishLaunching]+0x2dc
C  [AppKit+0x30f00]  -[NSApplication run]+0xf4
C  [libglfw.dylib+0x10a85]
[error occurred during error reporting (printing native stack), id 0xe0000000, Internal Error (/opt/buildAgent/work/5ff2f6c26000d570/src/hotspot/os/bsd/decoder_machO.hpp:43)]

Java frames: (J=compiled Java code, j=interpreted, Vv=VM code)
j  org.lwjgl.system.JNI.invokePPPP(IIJJJJ)J+0
j  org.lwjgl.glfw.GLFW.nglfwCreateWindow(IIJJJ)J+14
j  org.lwjgl.glfw.GLFW.glfwCreateWindow(IILjava/lang/CharSequence;JJ)J+37
j  engine.Window.create()V+54
j  main.Main.init()V+21
j  main.Main.run()V+0
j  java.lang.Thread.run()V+11 java.base@11.0.5
v  ~StubRoutines::call_stub

siginfo: si_signo: 11 (SIGSEGV), si_code: 1 (SEGV_MAPERR), si_addr: 0x0000000000000008

Register to memory mapping:

RAX=0x0 is NULL
RBX=0x0000000000000001 is an unknown value
RCX=0x00007ff12153ed00 points into unknown readable memory: c0 fd 52 8c ff 7f 00 00
RDX=0x0 is NULL
RSP=0x0000700003b0e0e0 is pointing into the stack for thread: 0x00007ff121863800
RBP=0x0000700003b0e110 is pointing into the stack for thread: 0x00007ff121863800
RSI=0x00007ff12153e500 points into unknown readable memory: 00 ed 53 21 f1 7f 00 00
RDI=0x0000700003b0e000 is pointing into the stack for thread: 0x00007ff121863800
R8 =0x0000000000000008 is an unknown value
R9 =0x0000700003b0e000 is pointing into the stack for thread: 0x00007ff121863800
R10=0x0000700003b0e000 is pointing into the stack for thread: 0x00007ff121863800
R11=0xfffff00ee25cfb00 is an unknown value
R12=0x00007ff12153ed00 points into unknown readable memory: c0 fd 52 8c ff 7f 00 00
R13=0x0 is NULL
R14=0x0 is NULL
R15=0x00007ff12164a620 points into unknown readable memory: 80 28 52 8c ff 7f 00 00


Registers:
RAX=0x0000000000000000, RBX=0x0000000000000001, RCX=0x00007ff12153ed00, RDX=0x0000000000000000
RSP=0x0000700003b0e0e0, RBP=0x0000700003b0e110, RSI=0x00007ff12153e500, RDI=0x0000700003b0e000
R8 =0x0000000000000008, R9 =0x0000700003b0e000, R10=0x0000700003b0e000, R11=0xfffff00ee25cfb00
R12=0x00007ff12153ed00, R13=0x0000000000000000, R14=0x0000000000000000, R15=0x00007ff12164a620
RIP=0x00007fff326fd357, EFLAGS=0x0000000000010206, ERR=0x0000000000000004
  TRAPNO=0x000000000000000e

Top of Stack: (sp=0x0000700003b0e0e0)
0x0000700003b0e0e0:   0000000000000003 4260000042380000
0x0000700003b0e0f0:   0000700003b0e101 00007ff12164a620
0x0000700003b0e100:   0000000000000000 0000000000000060
0x0000700003b0e110:   0000700003b0e180 00007fff326fcef7
0x0000700003b0e120:   0000700003b0e140 44b4000000000000
0x0000700003b0e130:   00007ff12163c270 0000000000000000
0x0000700003b0e140:   0000700003b0e160 0000000000000000
0x0000700003b0e150:   0000000042ee0000 00007ff12164a620
0x0000700003b0e160:   0000000000000000 00007ff121528e01
0x0000700003b0e170:   0000000000000000 00007ff121528eb0
0x0000700003b0e180:   0000700003b0e2e0 00007fff326fc817
0x0000700003b0e190:   0000000000085557 00007ff121644c60
0x0000700003b0e1a0:   0000700003b0e1e0 00007fff620b7e9f
0x0000700003b0e1b0:   0000700003b0e240 00007fff620b7df6
0x0000700003b0e1c0:   d23009b77acd00f7 00007ff121644c60
0x0000700003b0e1d0:   0000000000085557 00007ff121644c90
0x0000700003b0e1e0:   0000700003b0e210 00007fff61ed0a74
0x0000700003b0e1f0:   0000000000000000 00007ff121644920
0x0000700003b0e200:   0000000000085557 00007fff6836a45f
0x0000700003b0e210:   0000700003b0e260 00007fff61ed0992
0x0000700003b0e220:   0000000102991800 0008555700000002
0x0000700003b0e230:   000000010298d080 00007fff6836a45f
0x0000700003b0e240:   0000700003b0e270 00007fff6207bbd3
0x0000700003b0e250:   d23009b77acd00f7 00007ff121543c90
0x0000700003b0e260:   0000000000085557 0000700003b0e300
0x0000700003b0e270:   0000700003b0e2d0 00007fff61ed3ec7
0x0000700003b0e280:   0000000000000000 0005000200000000
0x0000700003b0e290:   0000002020000000 00007ff121543c90
0x0000700003b0e2a0:   d23009b77acd00f7 00000000000017b4
0x0000700003b0e2b0:   00007ff121528eb0 0000000000000008
0x0000700003b0e2c0:   00007ff12164a620 00007ff121528eb0
0x0000700003b0e2d0:   0000000000000001 0000700003b0e390 

Instructions: (pc=0x00007fff326fd357)
0x00007fff326fd257:   48 39 c3 72 04 eb 07 31 db ff c3 41 89 de 48 8b
0x00007fff326fd267:   7d d8 e8 a4 a0 fe ff 44 89 f0 48 83 c4 18 5b 41
0x00007fff326fd277:   5e 41 5f 5d c3 90 90 90 90 90 90 90 90 90 90 90
0x00007fff326fd287:   90 55 48 89 e5 41 57 41 56 41 54 53 48 83 ec 10
0x00007fff326fd297:   49 89 ff 48 8b 87 78 02 00 00 48 63 30 48 85 f6
0x00007fff326fd2a7:   74 18 49 8b bf 50 02 00 00 e8 52 8f 05 00 49 89
0x00007fff326fd2b7:   c6 49 8b 87 78 02 00 00 eb 03 45 31 f6 31 db 41
0x00007fff326fd2c7:   f6 87 a8 02 00 00 20 0f 94 c3 4c 8d 25 e0 ae 28
0x00007fff326fd2d7:   00 48 83 78 08 00 75 2e 8b 00 85 c0 7e 04 ff c8
0x00007fff326fd2e7:   eb 0c 49 8b bf 50 02 00 00 e8 6c fd ff ff 48 63
0x00007fff326fd2f7:   f8 be 04 00 00 00 e8 7a 79 27 00 49 8b 8f 78 02
0x00007fff326fd307:   00 00 48 89 41 08 f3 41 0f 10 04 9c f3 0f 11 45
0x00007fff326fd317:   dc 49 8b bf 50 02 00 00 e8 ec 00 00 00 49 8b bf
0x00007fff326fd327:   50 02 00 00 e8 59 9c fe ff 4c 39 f0 74 7e 49 89
0x00007fff326fd337:   c4 31 db f3 0f 10 45 dc 49 8b 87 58 02 00 00 f3
0x00007fff326fd347:   0f 11 45 dc f3 0f 11 04 98 49 8b 87 78 02 00 00
0x00007fff326fd357:   48 8b 48 08 4c 89 ff 4c 89 e6 ba 01 00 00 00 41
0x00007fff326fd367:   89 d8 e8 d0 00 00 00 f3 0f 11 45 d8 4c 89 e7 e8
0x00007fff326fd377:   b9 b2 fe ff 84 c0 74 07 41 89 9f 6c 02 00 00 f3
0x00007fff326fd387:   0f 10 45 dc f3 0f 58 45 d8 f3 0f 11 45 dc 49 8b
0x00007fff326fd397:   bf 50 02 00 00 e8 e8 9b fe ff f3 0f 10 45 dc 49
0x00007fff326fd3a7:   89 c4 48 ff c3 4c 39 f0 75 8e eb 07 31 db f3 0f
0x00007fff326fd3b7:   10 45 dc 41 8b 87 68 02 00 00 39 c3 7d 1b 89 d9
0x00007fff326fd3c7:   48 c1 e1 02 49 03 8f 58 02 00 00 f3 0f 11 01 48
0x00007fff326fd3d7:   83 c1 04 ff c3 39 d8 7f f2 f3 41 0f 11 87 70 02
0x00007fff326fd3e7:   00 00 49 8b 87 78 02 00 00 f3 0f 11 40 28 48 83
0x00007fff326fd3f7:   c4 10 5b 41 5c 41 5e 41 5f 5d c3 90 90 90 90 90
0x00007fff326fd407:   90 90 90 90 90 90 90 90 90 55 48 89 e5 31 c0 88
0x00007fff326fd417:   47 4c 38 47 48 b9 06 00 00 00 0f 45 c8 89 4f 38
0x00007fff326fd427:   48 c7 47 40 00 00 00 00 31 c0 5d c3 90 90 90 90
0x00007fff326fd437:   90 90 90 90 90 90 90 55 48 89 e5 41 57 41 56 41
0x00007fff326fd447:   55 41 54 53 48 83 ec 58 45 89 c4 49 89 cd 41 89 


Stack slot to memory mapping:
stack at sp + 0 slots: 0x0000000000000003 is an unknown value
stack at sp + 1 slots: 0x4260000042380000 is an unknown value
stack at sp + 2 slots: 0x0000700003b0e101 is pointing into the stack for thread: 0x00007ff121863800
stack at sp + 3 slots: 0x00007ff12164a620 points into unknown readable memory: 80 28 52 8c ff 7f 00 00
stack at sp + 4 slots: 0x0 is NULL
stack at sp + 5 slots: 0x0000000000000060 is an unknown value
stack at sp + 6 slots: 0x0000700003b0e180 is pointing into the stack for thread: 0x00007ff121863800
stack at sp + 7 slots: 0x00007fff326fcef7: _ZN13HIMenuBarView15EnsureBarLayoutEv+0x1a3 in /System/Library/Frameworks/Carbon.framework/Versions/A/Frameworks/HIToolbox.framework/Versions/A/HIToolbox at 0x00007fff326d8000


---------------  P R O C E S S  ---------------

Threads class SMR info:
_java_thread_list=0x00007ff121700670, length=10, elements={
0x00007ff122016000, 0x00007ff122874800, 0x00007ff122011000, 0x00007ff12287b800,
0x00007ff121821000, 0x00007ff121826800, 0x00007ff122011800, 0x00007ff121827800,
0x00007ff121863800, 0x00007ff122804800
}

Java Threads: ( => current thread )
  0x00007ff122016000 JavaThread "Reference Handler" daemon [_thread_blocked, id=13315, stack(0x0000700002fef000,0x00007000030ef000)]
  0x00007ff122874800 JavaThread "Finalizer" daemon [_thread_blocked, id=14083, stack(0x00007000030f2000,0x00007000031f2000)]
  0x00007ff122011000 JavaThread "Signal Dispatcher" daemon [_thread_blocked, id=17667, stack(0x00007000032fb000,0x00007000033fb000)]
  0x00007ff12287b800 JavaThread "C2 CompilerThread0" daemon [_thread_blocked, id=16899, stack(0x00007000033fe000,0x00007000034fe000)]
  0x00007ff121821000 JavaThread "C1 CompilerThread0" daemon [_thread_blocked, id=15875, stack(0x0000700003501000,0x0000700003601000)]
  0x00007ff121826800 JavaThread "Sweeper thread" daemon [_thread_blocked, id=22019, stack(0x0000700003604000,0x0000700003704000)]
  0x00007ff122011800 JavaThread "Service Thread" daemon [_thread_blocked, id=22275, stack(0x0000700003707000,0x0000700003807000)]
  0x00007ff121827800 JavaThread "Common-Cleaner" daemon [_thread_blocked, id=41987, stack(0x000070000390d000,0x0000700003a0d000)]
=>0x00007ff121863800 JavaThread "game" [_thread_in_native, id=23303, stack(0x0000700003a10000,0x0000700003b10000)]
  0x00007ff122804800 JavaThread "DestroyJavaVM" [_thread_blocked, id=10243, stack(0x00007000028da000,0x00007000029da000)]

Other Threads:
  0x00007ff122874000 VMThread "VM Thread" [stack: 0x0000700002eec000,0x0000700002fec000] [id=12803]
  0x00007ff1228ea000 WatcherThread [stack: 0x000070000380a000,0x000070000390a000] [id=22531]
  0x00007ff123006800 GCTaskThread "GC Thread#0" [stack: 0x00007000029dd000,0x0000700002add000] [id=21251]
  0x00007ff123010000 GCTaskThread "GC Thread#1" [stack: 0x0000700003b13000,0x0000700003c13000] [id=40967]
  0x00007ff121990800 GCTaskThread "GC Thread#2" [stack: 0x0000700003c16000,0x0000700003d16000] [id=23811]
  0x00007ff12305b000 GCTaskThread "GC Thread#3" [stack: 0x0000700003d19000,0x0000700003e19000] [id=24323]
  0x00007ff122827800 ConcurrentGCThread "G1 Main Marker" [stack: 0x0000700002ae0000,0x0000700002be0000] [id=20995]
  0x00007ff122828000 ConcurrentGCThread "G1 Conc#0" [stack: 0x0000700002be3000,0x0000700002ce3000] [id=12035]
  0x00007ff122859000 ConcurrentGCThread "G1 Refine#0" [stack: 0x0000700002ce6000,0x0000700002de6000] [id=20227]
  0x00007ff122859800 ConcurrentGCThread "G1 Young RemSet Sampling" [stack: 0x0000700002de9000,0x0000700002ee9000] [id=19971]

Threads with active compile tasks:

VM state:not at safepoint (normal execution)

VM Mutex/Monitor currently owned by a thread: None

Heap address: 0x00000007c0000000, size: 1024 MB, Compressed Oops mode: Zero based, Oop shift amount: 3
Narrow klass base: 0x0000000800000000, Narrow klass shift: 0
Compressed class space size: 1073741824 Address: 0x0000000800000000

Heap:
 garbage-first heap   total 65536K, used 6203K [0x00000007c0000000, 0x0000000800000000)
  region size 1024K, 7 young (7168K), 2 survivors (2048K)
 Metaspace       used 9285K, capacity 9474K, committed 9600K, reserved 1058816K
  class space    used 801K, capacity 883K, committed 896K, reserved 1048576K
Heap Regions: E=young(eden), S=young(survivor), O=old, HS=humongous(starts), HC=humongous(continues), CS=collection set, F=free, A=archive, TAMS=top-at-mark-start (previous, next)
|   0|0x00000007c0000000, 0x00000007c000ee00, 0x00000007c0100000|  5%| O|  |TAMS 0x00000007c0000000, 0x00000007c0000000| Untracked 
|   1|0x00000007c0100000, 0x00000007c0100000, 0x00000007c0200000|  0%| F|  |TAMS 0x00000007c0100000, 0x00000007c0100000| Untracked 
|   2|0x00000007c0200000, 0x00000007c0200000, 0x00000007c0300000|  0%| F|  |TAMS 0x00000007c0200000, 0x00000007c0200000| Untracked 
|   3|0x00000007c0300000, 0x00000007c0300000, 0x00000007c0400000|  0%| F|  |TAMS 0x00000007c0300000, 0x00000007c0300000| Untracked 
|   4|0x00000007c0400000, 0x00000007c0400000, 0x00000007c0500000|  0%| F|  |TAMS 0x00000007c0400000, 0x00000007c0400000| Untracked 
|   5|0x00000007c0500000, 0x00000007c0500000, 0x00000007c0600000|  0%| F|  |TAMS 0x00000007c0500000, 0x00000007c0500000| Untracked 
|   6|0x00000007c0600000, 0x00000007c0600000, 0x00000007c0700000|  0%| F|  |TAMS 0x00000007c0600000, 0x00000007c0600000| Untracked 
|   7|0x00000007c0700000, 0x00000007c0700000, 0x00000007c0800000|  0%| F|  |TAMS 0x00000007c0700000, 0x00000007c0700000| Untracked 
|   8|0x00000007c0800000, 0x00000007c0800000, 0x00000007c0900000|  0%| F|  |TAMS 0x00000007c0800000, 0x00000007c0800000| Untracked 
|   9|0x00000007c0900000, 0x00000007c0900000, 0x00000007c0a00000|  0%| F|  |TAMS 0x00000007c0900000, 0x00000007c0900000| Untracked 
|  10|0x00000007c0a00000, 0x00000007c0a00000, 0x00000007c0b00000|  0%| F|  |TAMS 0x00000007c0a00000, 0x00000007c0a00000| Untracked 
|  11|0x00000007c0b00000, 0x00000007c0b00000, 0x00000007c0c00000|  0%| F|  |TAMS 0x00000007c0b00000, 0x00000007c0b00000| Untracked 
|  12|0x00000007c0c00000, 0x00000007c0c00000, 0x00000007c0d00000|  0%| F|  |TAMS 0x00000007c0c00000, 0x00000007c0c00000| Untracked 
|  13|0x00000007c0d00000, 0x00000007c0d00000, 0x00000007c0e00000|  0%| F|  |TAMS 0x00000007c0d00000, 0x00000007c0d00000| Untracked 
|  14|0x00000007c0e00000, 0x00000007c0e00000, 0x00000007c0f00000|  0%| F|  |TAMS 0x00000007c0e00000, 0x00000007c0e00000| Untracked 
|  15|0x00000007c0f00000, 0x00000007c0f00000, 0x00000007c1000000|  0%| F|  |TAMS 0x00000007c0f00000, 0x00000007c0f00000| Untracked 
|  16|0x00000007c1000000, 0x00000007c1000000, 0x00000007c1100000|  0%| F|  |TAMS 0x00000007c1000000, 0x00000007c1000000| Untracked 
|  17|0x00000007c1100000, 0x00000007c1100000, 0x00000007c1200000|  0%| F|  |TAMS 0x00000007c1100000, 0x00000007c1100000| Untracked 
|  18|0x00000007c1200000, 0x00000007c1200000, 0x00000007c1300000|  0%| F|  |TAMS 0x00000007c1200000, 0x00000007c1200000| Untracked 
|  19|0x00000007c1300000, 0x00000007c1300000, 0x00000007c1400000|  0%| F|  |TAMS 0x00000007c1300000, 0x00000007c1300000| Untracked 
|  20|0x00000007c1400000, 0x00000007c1400000, 0x00000007c1500000|  0%| F|  |TAMS 0x00000007c1400000, 0x00000007c1400000| Untracked 
|  21|0x00000007c1500000, 0x00000007c1500000, 0x00000007c1600000|  0%| F|  |TAMS 0x00000007c1500000, 0x00000007c1500000| Untracked 
|  22|0x00000007c1600000, 0x00000007c1600000, 0x00000007c1700000|  0%| F|  |TAMS 0x00000007c1600000, 0x00000007c1600000| Untracked 
|  23|0x00000007c1700000, 0x00000007c1700000, 0x00000007c1800000|  0%| F|  |TAMS 0x00000007c1700000, 0x00000007c1700000| Untracked 
|  24|0x00000007c1800000, 0x00000007c1800000, 0x00000007c1900000|  0%| F|  |TAMS 0x00000007c1800000, 0x00000007c1800000| Untracked 
|  25|0x00000007c1900000, 0x00000007c1900000, 0x00000007c1a00000|  0%| F|  |TAMS 0x00000007c1900000, 0x00000007c1900000| Untracked 
|  26|0x00000007c1a00000, 0x00000007c1a00000, 0x00000007c1b00000|  0%| F|  |TAMS 0x00000007c1a00000, 0x00000007c1a00000| Untracked 
|  27|0x00000007c1b00000, 0x00000007c1b00000, 0x00000007c1c00000|  0%| F|  |TAMS 0x00000007c1b00000, 0x00000007c1b00000| Untracked 
|  28|0x00000007c1c00000, 0x00000007c1c00000, 0x00000007c1d00000|  0%| F|  |TAMS 0x00000007c1c00000, 0x00000007c1c00000| Untracked 
|  29|0x00000007c1d00000, 0x00000007c1d00000, 0x00000007c1e00000|  0%| F|  |TAMS 0x00000007c1d00000, 0x00000007c1d00000| Untracked 
|  30|0x00000007c1e00000, 0x00000007c1e00000, 0x00000007c1f00000|  0%| F|  |TAMS 0x00000007c1e00000, 0x00000007c1e00000| Untracked 
|  31|0x00000007c1f00000, 0x00000007c1f00000, 0x00000007c2000000|  0%| F|  |TAMS 0x00000007c1f00000, 0x00000007c1f00000| Untracked 
|  32|0x00000007c2000000, 0x00000007c2000000, 0x00000007c2100000|  0%| F|  |TAMS 0x00000007c2000000, 0x00000007c2000000| Untracked 
|  33|0x00000007c2100000, 0x00000007c2100000, 0x00000007c2200000|  0%| F|  |TAMS 0x00000007c2100000, 0x00000007c2100000| Untracked 
|  34|0x00000007c2200000, 0x00000007c2200000, 0x00000007c2300000|  0%| F|  |TAMS 0x00000007c2200000, 0x00000007c2200000| Untracked 
|  35|0x00000007c2300000, 0x00000007c2300000, 0x00000007c2400000|  0%| F|  |TAMS 0x00000007c2300000, 0x00000007c2300000| Untracked 
|  36|0x00000007c2400000, 0x00000007c2400000, 0x00000007c2500000|  0%| F|  |TAMS 0x00000007c2400000, 0x00000007c2400000| Untracked 
|  37|0x00000007c2500000, 0x00000007c2500000, 0x00000007c2600000|  0%| F|  |TAMS 0x00000007c2500000, 0x00000007c2500000| Untracked 
|  38|0x00000007c2600000, 0x00000007c2600000, 0x00000007c2700000|  0%| F|  |TAMS 0x00000007c2600000, 0x00000007c2600000| Untracked 
|  39|0x00000007c2700000, 0x00000007c2700000, 0x00000007c2800000|  0%| F|  |TAMS 0x00000007c2700000, 0x00000007c2700000| Untracked 
|  40|0x00000007c2800000, 0x00000007c2800000, 0x00000007c2900000|  0%| F|  |TAMS 0x00000007c2800000, 0x00000007c2800000| Untracked 
|  41|0x00000007c2900000, 0x00000007c2900000, 0x00000007c2a00000|  0%| F|  |TAMS 0x00000007c2900000, 0x00000007c2900000| Untracked 
|  42|0x00000007c2a00000, 0x00000007c2a00000, 0x00000007c2b00000|  0%| F|  |TAMS 0x00000007c2a00000, 0x00000007c2a00000| Untracked 
|  43|0x00000007c2b00000, 0x00000007c2b00000, 0x00000007c2c00000|  0%| F|  |TAMS 0x00000007c2b00000, 0x00000007c2b00000| Untracked 
|  44|0x00000007c2c00000, 0x00000007c2c00000, 0x00000007c2d00000|  0%| F|  |TAMS 0x00000007c2c00000, 0x00000007c2c00000| Untracked 
|  45|0x00000007c2d00000, 0x00000007c2d00000, 0x00000007c2e00000|  0%| F|  |TAMS 0x00000007c2d00000, 0x00000007c2d00000| Untracked 
|  46|0x00000007c2e00000, 0x00000007c2e00000, 0x00000007c2f00000|  0%| F|  |TAMS 0x00000007c2e00000, 0x00000007c2e00000| Untracked 
|  47|0x00000007c2f00000, 0x00000007c2f00000, 0x00000007c3000000|  0%| F|  |TAMS 0x00000007c2f00000, 0x00000007c2f00000| Untracked 
|  48|0x00000007c3000000, 0x00000007c3100000, 0x00000007c3100000|100%| S|CS|TAMS 0x00000007c3000000, 0x00000007c3000000| Complete 
|  49|0x00000007c3100000, 0x00000007c3200000, 0x00000007c3200000|100%| S|CS|TAMS 0x00000007c3100000, 0x00000007c3100000| Complete 
|  50|0x00000007c3200000, 0x00000007c3200000, 0x00000007c3300000|  0%| F|  |TAMS 0x00000007c3200000, 0x00000007c3200000| Untracked 
|  51|0x00000007c3300000, 0x00000007c3300000, 0x00000007c3400000|  0%| F|  |TAMS 0x00000007c3300000, 0x00000007c3300000| Untracked 
|  52|0x00000007c3400000, 0x00000007c3400000, 0x00000007c3500000|  0%| F|  |TAMS 0x00000007c3400000, 0x00000007c3400000| Untracked 
|  53|0x00000007c3500000, 0x00000007c3500000, 0x00000007c3600000|  0%| F|  |TAMS 0x00000007c3500000, 0x00000007c3500000| Untracked 
|  54|0x00000007c3600000, 0x00000007c3600000, 0x00000007c3700000|  0%| F|  |TAMS 0x00000007c3600000, 0x00000007c3600000| Untracked 
|  55|0x00000007c3700000, 0x00000007c3700000, 0x00000007c3800000|  0%| F|  |TAMS 0x00000007c3700000, 0x00000007c3700000| Untracked 
|  56|0x00000007c3800000, 0x00000007c3800000, 0x00000007c3900000|  0%| F|  |TAMS 0x00000007c3800000, 0x00000007c3800000| Untracked 
|  57|0x00000007c3900000, 0x00000007c3900000, 0x00000007c3a00000|  0%| F|  |TAMS 0x00000007c3900000, 0x00000007c3900000| Untracked 
|  58|0x00000007c3a00000, 0x00000007c3a00000, 0x00000007c3b00000|  0%| F|  |TAMS 0x00000007c3a00000, 0x00000007c3a00000| Untracked 
|  59|0x00000007c3b00000, 0x00000007c3b80800, 0x00000007c3c00000| 50%| E|  |TAMS 0x00000007c3b00000, 0x00000007c3b00000| Complete 
|  60|0x00000007c3c00000, 0x00000007c3d00000, 0x00000007c3d00000|100%| E|CS|TAMS 0x00000007c3c00000, 0x00000007c3c00000| Complete 
|  61|0x00000007c3d00000, 0x00000007c3e00000, 0x00000007c3e00000|100%| E|CS|TAMS 0x00000007c3d00000, 0x00000007c3d00000| Complete 
|  62|0x00000007c3e00000, 0x00000007c3f00000, 0x00000007c3f00000|100%| E|CS|TAMS 0x00000007c3e00000, 0x00000007c3e00000| Complete 
|  63|0x00000007c3f00000, 0x00000007c4000000, 0x00000007c4000000|100%| E|CS|TAMS 0x00000007c3f00000, 0x00000007c3f00000| Complete 

Card table byte_map: [0x000000010881a000,0x0000000108a1a000] _byte_map_base: 0x0000000104a1a000

Marking Bits (Prev, Next): (CMBitMap*) 0x00007ff122822a18, (CMBitMap*) 0x00007ff122822a50
 Prev Bits: [0x00000001186b4000, 0x00000001196b4000)
 Next Bits: [0x00000001196b4000, 0x000000011a6b4000)

Polling page: 0x00000001029f0000

Metaspace:

Usage:
  Non-class:      8.39 MB capacity,     8.29 MB ( 99%) used,    92.01 KB (  1%) free+waste,    15.12 KB ( <1%) overhead. 
      Class:    883.00 KB capacity,   801.79 KB ( 91%) used,    73.84 KB (  8%) free+waste,     7.38 KB ( <1%) overhead. 
       Both:      9.25 MB capacity,     9.07 MB ( 98%) used,   165.84 KB (  2%) free+waste,    22.50 KB ( <1%) overhead. 

Virtual space:
  Non-class space:       10.00 MB reserved,       8.50 MB ( 85%) committed 
      Class space:        1.00 GB reserved,     896.00 KB ( <1%) committed 
             Both:        1.01 GB reserved,       9.38 MB ( <1%) committed 

Chunk freelists:
   Non-Class:  97.00 KB
       Class:  13.00 KB
        Both:  110.00 KB

MaxMetaspaceSize: unlimited
CompressedClassSpaceSize: 1.00 GB

CodeHeap 'non-profiled nmethods': size=120032Kb used=229Kb max_used=229Kb free=119802Kb
 bounds [0x000000011117c000, 0x00000001113ec000, 0x00000001186b4000]
CodeHeap 'profiled nmethods': size=120032Kb used=1493Kb max_used=1493Kb free=118538Kb
 bounds [0x0000000109c44000, 0x0000000109eb4000, 0x000000011117c000]
CodeHeap 'non-nmethods': size=5696Kb used=1381Kb max_used=1397Kb free=4314Kb
 bounds [0x00000001096b4000, 0x0000000109924000, 0x0000000109c44000]
 total_blobs=1831 nmethods=787 adapters=768
 compilation: enabled
              stopped_count=0, restarted_count=0
 full_count=0

Compilation events (20 events):
Event: 1.921 Thread 0x00007ff121821000  780       3       jdk.internal.module.SystemModuleFinders$SystemModuleReader::findImageLocation (42 bytes)
Event: 1.922 Thread 0x00007ff121821000 nmethod 780 0x0000000109db6310 code [0x0000000109db6540, 0x0000000109db6c58]
Event: 1.922 Thread 0x00007ff121821000  779       3       jdk.internal.jimage.ImageLocation::verify (50 bytes)
Event: 1.923 Thread 0x00007ff121821000 nmethod 779 0x0000000109db6f10 code [0x0000000109db7160, 0x0000000109db7948]
Event: 1.923 Thread 0x00007ff121821000  781       3       jdk.internal.loader.URLClassPath$JarLoader::findResource (18 bytes)
Event: 1.923 Thread 0x00007ff121821000 nmethod 781 0x0000000109db7d10 code [0x0000000109db7ee0, 0x0000000109db8198]
Event: 1.923 Thread 0x00007ff121821000  782       1       java.util.Formatter$Flags::valueOf (5 bytes)
Event: 1.923 Thread 0x00007ff121821000 nmethod 782 0x00000001111b3310 code [0x00000001111b34c0, 0x00000001111b35d0]
Event: 1.923 Thread 0x00007ff121821000  783       3       java.util.ArrayList$Itr::next (66 bytes)
Event: 1.923 Thread 0x00007ff121821000 nmethod 783 0x0000000109db8290 code [0x0000000109db84a0, 0x0000000109db88c8]
Event: 1.923 Thread 0x00007ff121821000  784       3       java.util.ArrayList$Itr::checkForComodification (23 bytes)
Event: 1.924 Thread 0x00007ff121821000 nmethod 784 0x0000000109db8a90 code [0x0000000109db8c60, 0x0000000109db8e88]
Event: 1.932 Thread 0x00007ff121821000  785   !   3       java.util.zip.Inflater::setInput (69 bytes)
Event: 1.933 Thread 0x00007ff121821000 nmethod 785 0x0000000109db8f90 code [0x0000000109db9160, 0x0000000109db9668]
Event: 1.934 Thread 0x00007ff121821000  786       1       org.lwjgl.system.Pointer$Default::address (5 bytes)
Event: 1.934 Thread 0x00007ff121821000 nmethod 786 0x00000001111b3610 code [0x00000001111b37c0, 0x00000001111b38d0]
Event: 1.935 Thread 0x00007ff12287b800  787       4       java.nio.DirectByteBuffer::ix (10 bytes)
Event: 1.936 Thread 0x00007ff12287b800 nmethod 787 0x00000001111b3990 code [0x00000001111b3b20, 0x00000001111b3b98]
Event: 1.936 Thread 0x00007ff12287b800  788       4       java.util.jar.JarFile::getVersionedEntry (85 bytes)
Event: 2.002 Thread 0x00007ff12287b800 nmethod 788 0x00000001111b3c10 code [0x00000001111b3e40, 0x00000001111b4ef8]

GC Heap History (2 events):
Event: 1.299 GC heap before
{Heap before GC invocations=0 (full 0):
 garbage-first heap   total 65536K, used 14336K [0x00000007c0000000, 0x0000000800000000)
  region size 1024K, 14 young (14336K), 0 survivors (0K)
 Metaspace       used 8721K, capacity 8862K, committed 9088K, reserved 1056768K
  class space    used 777K, capacity 850K, committed 896K, reserved 1048576K
}
Event: 1.313 GC heap after
{Heap after GC invocations=1 (full 0):
 garbage-first heap   total 65536K, used 2107K [0x00000007c0000000, 0x0000000800000000)
  region size 1024K, 2 young (2048K), 2 survivors (2048K)
 Metaspace       used 8721K, capacity 8862K, committed 9088K, reserved 1056768K
  class space    used 777K, capacity 850K, committed 896K, reserved 1048576K
}

Deoptimization events (20 events):
Event: 1.148 Thread 0x00007ff121863800 DEOPT PACKING pc=0x00000001111a7070 sp=0x0000700003b0e040
Event: 1.148 Thread 0x00007ff121863800 DEOPT UNPACKING pc=0x00000001096dc9a5 sp=0x0000700003b0dfc0 mode 2
Event: 1.156 Thread 0x00007ff121863800 DEOPT PACKING pc=0x0000000109cf3aed sp=0x0000700003b0deb0
Event: 1.156 Thread 0x00007ff121863800 DEOPT UNPACKING pc=0x00000001096dc7ba sp=0x0000700003b0d350 mode 0
Event: 1.176 Thread 0x00007ff121863800 DEOPT PACKING pc=0x0000000109ce32a0 sp=0x0000700003b0e5c0
Event: 1.176 Thread 0x00007ff121863800 DEOPT UNPACKING pc=0x00000001096dc7ba sp=0x0000700003b0daf8 mode 0
Event: 1.176 Thread 0x00007ff121863800 Uncommon trap: trap_request=0xffffffde fr.pc=0x00000001111aa770 relative=0x0000000000000490
Event: 1.176 Thread 0x00007ff121863800 Uncommon trap: reason=class_check action=maybe_recompile pc=0x00000001111aa770 method=java.util.HashMap.getNode(ILjava/lang/Object;)Ljava/util/HashMap$Node; @ 126 c2
Event: 1.176 Thread 0x00007ff121863800 DEOPT PACKING pc=0x00000001111aa770 sp=0x0000700003b0e370
Event: 1.177 Thread 0x00007ff121863800 DEOPT UNPACKING pc=0x00000001096dc9a5 sp=0x0000700003b0e308 mode 2
Event: 1.222 Thread 0x00007ff121863800 Uncommon trap: trap_request=0xffffff4d fr.pc=0x000000011117d214 relative=0x0000000000000074
Event: 1.222 Thread 0x00007ff121863800 Uncommon trap: reason=unstable_if action=reinterpret pc=0x000000011117d214 method=java.lang.String.isLatin1()Z @ 10 c2
Event: 1.222 Thread 0x00007ff121863800 DEOPT PACKING pc=0x000000011117d214 sp=0x0000700003b0e700
Event: 1.222 Thread 0x00007ff121863800 DEOPT UNPACKING pc=0x00000001096dc9a5 sp=0x0000700003b0e660 mode 2
Event: 1.277 Thread 0x00007ff121863800 DEOPT PACKING pc=0x0000000109d69f08 sp=0x0000700003b0d120
Event: 1.278 Thread 0x00007ff121863800 DEOPT UNPACKING pc=0x00000001096dc7ba sp=0x0000700003b0c590 mode 0
Event: 1.849 Thread 0x00007ff121863800 DEOPT PACKING pc=0x0000000109d69f08 sp=0x0000700003b0e9a0
Event: 1.849 Thread 0x00007ff121863800 DEOPT UNPACKING pc=0x00000001096dc7ba sp=0x0000700003b0de10 mode 0
Event: 1.863 Thread 0x00007ff121863800 DEOPT PACKING pc=0x0000000109d69f08 sp=0x0000700003b0e090
Event: 1.863 Thread 0x00007ff121863800 DEOPT UNPACKING pc=0x00000001096dc7ba sp=0x0000700003b0d500 mode 0

Classes redefined (0 events):
No events

Internal exceptions (20 events):
Event: 1.873 Thread 0x00007ff121863800 Exception <a 'java/security/PrivilegedActionException'{0x00000007c3daded8}> (0x00000007c3daded8) thrown at [/opt/buildAgent/work/5ff2f6c26000d570/src/hotspot/share/prims/jvm.cpp, line 1297]
Event: 1.873 Thread 0x00007ff121863800 Exception <a 'java/security/PrivilegedActionException'{0x00000007c3dae1a8}> (0x00000007c3dae1a8) thrown at [/opt/buildAgent/work/5ff2f6c26000d570/src/hotspot/share/prims/jvm.cpp, line 1297]
Event: 1.873 Thread 0x00007ff121863800 Exception <a 'java/security/PrivilegedActionException'{0x00000007c3daf8e8}> (0x00000007c3daf8e8) thrown at [/opt/buildAgent/work/5ff2f6c26000d570/src/hotspot/share/prims/jvm.cpp, line 1297]
Event: 1.873 Thread 0x00007ff121863800 Exception <a 'java/security/PrivilegedActionException'{0x00000007c3dafbb8}> (0x00000007c3dafbb8) thrown at [/opt/buildAgent/work/5ff2f6c26000d570/src/hotspot/share/prims/jvm.cpp, line 1297]
Event: 1.874 Thread 0x00007ff121863800 Exception <a 'java/security/PrivilegedActionException'{0x00000007c3dbf548}> (0x00000007c3dbf548) thrown at [/opt/buildAgent/work/5ff2f6c26000d570/src/hotspot/share/prims/jvm.cpp, line 1297]
Event: 1.874 Thread 0x00007ff121863800 Exception <a 'java/security/PrivilegedActionException'{0x00000007c3dbf818}> (0x00000007c3dbf818) thrown at [/opt/buildAgent/work/5ff2f6c26000d570/src/hotspot/share/prims/jvm.cpp, line 1297]
Event: 1.875 Thread 0x00007ff121863800 Exception <a 'java/security/PrivilegedActionException'{0x00000007c3dd1008}> (0x00000007c3dd1008) thrown at [/opt/buildAgent/work/5ff2f6c26000d570/src/hotspot/share/prims/jvm.cpp, line 1297]
Event: 1.875 Thread 0x00007ff121863800 Exception <a 'java/security/PrivilegedActionException'{0x00000007c3dd12d8}> (0x00000007c3dd12d8) thrown at [/opt/buildAgent/work/5ff2f6c26000d570/src/hotspot/share/prims/jvm.cpp, line 1297]
Event: 1.875 Thread 0x00007ff121863800 Exception <a 'java/security/PrivilegedActionException'{0x00000007c3dd2a70}> (0x00000007c3dd2a70) thrown at [/opt/buildAgent/work/5ff2f6c26000d570/src/hotspot/share/prims/jvm.cpp, line 1297]
Event: 1.875 Thread 0x00007ff121863800 Exception <a 'java/security/PrivilegedActionException'{0x00000007c3dd2d40}> (0x00000007c3dd2d40) thrown at [/opt/buildAgent/work/5ff2f6c26000d570/src/hotspot/share/prims/jvm.cpp, line 1297]
Event: 1.875 Thread 0x00007ff121863800 Exception <a 'java/security/PrivilegedActionException'{0x00000007c3de32d8}> (0x00000007c3de32d8) thrown at [/opt/buildAgent/work/5ff2f6c26000d570/src/hotspot/share/prims/jvm.cpp, line 1297]
Event: 1.875 Thread 0x00007ff121863800 Exception <a 'java/security/PrivilegedActionException'{0x00000007c3de35a8}> (0x00000007c3de35a8) thrown at [/opt/buildAgent/work/5ff2f6c26000d570/src/hotspot/share/prims/jvm.cpp, line 1297]
Event: 1.876 Thread 0x00007ff121863800 Exception <a 'java/security/PrivilegedActionException'{0x00000007c3df48f8}> (0x00000007c3df48f8) thrown at [/opt/buildAgent/work/5ff2f6c26000d570/src/hotspot/share/prims/jvm.cpp, line 1297]
Event: 1.876 Thread 0x00007ff121863800 Exception <a 'java/security/PrivilegedActionException'{0x00000007c3df4bc8}> (0x00000007c3df4bc8) thrown at [/opt/buildAgent/work/5ff2f6c26000d570/src/hotspot/share/prims/jvm.cpp, line 1297]
Event: 1.876 Thread 0x00007ff121863800 Exception <a 'java/security/PrivilegedActionException'{0x00000007c3df62c0}> (0x00000007c3df62c0) thrown at [/opt/buildAgent/work/5ff2f6c26000d570/src/hotspot/share/prims/jvm.cpp, line 1297]
Event: 1.876 Thread 0x00007ff121863800 Exception <a 'java/security/PrivilegedActionException'{0x00000007c3df6590}> (0x00000007c3df6590) thrown at [/opt/buildAgent/work/5ff2f6c26000d570/src/hotspot/share/prims/jvm.cpp, line 1297]
Event: 1.876 Thread 0x00007ff121863800 Exception <a 'java/security/PrivilegedActionException'{0x00000007c3c059f8}> (0x00000007c3c059f8) thrown at [/opt/buildAgent/work/5ff2f6c26000d570/src/hotspot/share/prims/jvm.cpp, line 1297]
Event: 1.876 Thread 0x00007ff121863800 Exception <a 'java/security/PrivilegedActionException'{0x00000007c3c05cc8}> (0x00000007c3c05cc8) thrown at [/opt/buildAgent/work/5ff2f6c26000d570/src/hotspot/share/prims/jvm.cpp, line 1297]
Event: 1.902 Thread 0x00007ff121863800 Exception <a 'sun/nio/fs/UnixException'{0x00000007c3c409c0}> (0x00000007c3c409c0) thrown at [/opt/buildAgent/work/5ff2f6c26000d570/src/hotspot/share/prims/jni.cpp, line 615]
Event: 1.922 Thread 0x00007ff121863800 Exception <a 'sun/nio/fs/UnixException'{0x00000007c3cf44a8}> (0x00000007c3cf44a8) thrown at [/opt/buildAgent/work/5ff2f6c26000d570/src/hotspot/share/prims/jni.cpp, line 615]

Events (20 events):
Event: 1.907 loading class org/lwjgl/system/dyncall/DynCallback
Event: 1.907 loading class org/lwjgl/system/dyncall/DynCallback done
Event: 1.911 loading class org/lwjgl/glfw/GLFWCursorPosCallback$Container
Event: 1.911 loading class org/lwjgl/glfw/GLFWCursorPosCallback$Container done
Event: 1.912 loading class org/lwjgl/glfw/GLFWMouseButtonCallback$Container
Event: 1.912 loading class org/lwjgl/glfw/GLFWMouseButtonCallback$Container done
Event: 1.913 loading class org/lwjgl/glfw/GLFWScrollCallback$Container
Event: 1.913 loading class org/lwjgl/glfw/GLFWScrollCallback$Container done
Event: 1.914 loading class org/lwjgl/glfw/EventLoop$OffScreen
Event: 1.914 loading class org/lwjgl/glfw/EventLoop$OffScreen done
Event: 1.915 loading class org/lwjgl/glfw/EventLoop
Event: 1.915 loading class org/lwjgl/glfw/EventLoop done
Event: 1.915 loading class org/lwjgl/system/macosx/ObjCRuntime
Event: 1.915 loading class org/lwjgl/system/macosx/ObjCRuntime done
Event: 1.922 loading class org/lwjgl/system/dyncall/DynLoad
Event: 1.922 loading class org/lwjgl/system/dyncall/DynLoad done
Event: 1.930 loading class org/lwjgl/system/macosx/ObjCRuntime$Functions
Event: 1.930 loading class org/lwjgl/system/macosx/ObjCRuntime$Functions done
Event: 1.936 loading class org/lwjgl/system/macosx/CoreFoundation
Event: 1.936 loading class org/lwjgl/system/macosx/CoreFoundation done


Dynamic libraries:
0x00007fff32bb8000 	/System/Library/Frameworks/Cocoa.framework/Versions/A/Cocoa
0x00007fff40186000 	/System/Library/Frameworks/Security.framework/Versions/A/Security
0x00007fff31b42000 	/System/Library/Frameworks/ApplicationServices.framework/Versions/A/ApplicationServices
0x00007fff6a5b3000 	/usr/lib/libz.1.dylib
0x0000000102977000 	/Applications/IntelliJ IDEA CE.app/Contents/jbr/Contents/Home/lib/jli/libjli.dylib
0x00007fff68082000 	/usr/lib/libSystem.B.dylib
0x00007fff30d37000 	/System/Library/Frameworks/AppKit.framework/Versions/C/AppKit
0x00007fff3363b000 	/System/Library/Frameworks/CoreData.framework/Versions/A/CoreData
0x00007fff361f4000 	/System/Library/Frameworks/Foundation.framework/Versions/C/Foundation
0x00007fff6492a000 	/System/Library/PrivateFrameworks/UIFoundation.framework/Versions/A/UIFoundation
0x00007fff5f106000 	/System/Library/PrivateFrameworks/RemoteViewServices.framework/Versions/A/RemoteViewServices
0x00007fff673bd000 	/System/Library/PrivateFrameworks/XCTTargetBootstrap.framework/Versions/A/XCTTargetBootstrap
0x00007fff33a1e000 	/System/Library/Frameworks/CoreDisplay.framework/Versions/A/CoreDisplay
0x00007fff38f6c000 	/System/Library/Frameworks/Metal.framework/Versions/A/Metal
0x00007fff4d50c000 	/System/Library/PrivateFrameworks/DesktopServicesPriv.framework/Versions/A/DesktopServicesPriv
0x00007fff691b8000 	/usr/lib/liblangid.dylib
0x00007fff4c658000 	/System/Library/PrivateFrameworks/CoreSVG.framework/Versions/A/CoreSVG
0x00007fff61ecd000 	/System/Library/PrivateFrameworks/SkyLight.framework/Versions/A/SkyLight
0x00007fff33fb1000 	/System/Library/Frameworks/CoreGraphics.framework/Versions/A/CoreGraphics
0x00007fff2f8d6000 	/System/Library/Frameworks/Accelerate.framework/Versions/A/Accelerate
0x00007fff6a4a4000 	/usr/lib/libxml2.2.dylib
0x00007fff58230000 	/System/Library/PrivateFrameworks/IconServices.framework/Versions/A/IconServices
0x00007fff369d9000 	/System/Library/Frameworks/IOSurface.framework/Versions/A/IOSurface
0x00007fff67bba000 	/usr/lib/libDiagnosticMessagesClient.dylib
0x00007fff4d385000 	/System/Library/PrivateFrameworks/DFRFoundation.framework/Versions/A/DFRFoundation
0x00007fff68f46000 	/usr/lib/libicucore.A.dylib
0x00007fff31e74000 	/System/Library/Frameworks/AudioToolbox.framework/Versions/A/AudioToolbox
0x00007fff31f56000 	/System/Library/Frameworks/AudioUnit.framework/Versions/A/AudioUnit
0x00007fff68283000 	/usr/lib/libauto.dylib
0x00007fff4d406000 	/System/Library/PrivateFrameworks/DataDetectorsCore.framework/Versions/A/DataDetectorsCore
0x00007fff326d8000 	/System/Library/Frameworks/Carbon.framework/Versions/A/Frameworks/HIToolbox.framework/Versions/A/HIToolbox
0x00007fff3f3b7000 	/System/Library/Frameworks/QuartzCore.framework/Versions/A/QuartzCore
0x00007fff32a17000 	/System/Library/Frameworks/Carbon.framework/Versions/A/Frameworks/SpeechRecognition.framework/Versions/A/SpeechRecognition
0x00007fff4cd0b000 	/System/Library/PrivateFrameworks/CoreUI.framework/Versions/A/CoreUI
0x00007fff330a1000 	/System/Library/Frameworks/CoreAudio.framework/Versions/A/CoreAudio
0x00007fff35ebc000 	/System/Library/Frameworks/DiskArbitration.framework/Versions/A/DiskArbitration
0x00007fff5a245000 	/System/Library/PrivateFrameworks/MultitouchSupport.framework/Versions/A/MultitouchSupport
0x00007fff68e0c000 	/usr/lib/libenergytrace.dylib
0x00007fff36934000 	/System/Library/Frameworks/IOKit.framework/Versions/A/IOKit
0x00007fff34f1f000 	/System/Library/Frameworks/CoreServices.framework/Versions/A/CoreServices
0x00007fff5c352000 	/System/Library/PrivateFrameworks/PerformanceAnalysis.framework/Versions/A/PerformanceAnalysis
0x00007fff3e3ed000 	/System/Library/Frameworks/OpenGL.framework/Versions/A/OpenGL
0x00007fff69ed7000 	/usr/lib/libobjc.A.dylib
0x00007fff32bc6000 	/System/Library/Frameworks/ColorSync.framework/Versions/A/ColorSync
0x00007fff33b2f000 	/System/Library/Frameworks/CoreFoundation.framework/Versions/A/CoreFoundation
0x00007fff34638000 	/System/Library/Frameworks/CoreImage.framework/Versions/A/CoreImage
0x00007fff35995000 	/System/Library/Frameworks/CoreText.framework/Versions/A/CoreText
0x00007fff36a5f000 	/System/Library/Frameworks/ImageIO.framework/Versions/A/ImageIO
0x00007fff68368000 	/usr/lib/libc++.1.dylib
0x00007fff683e4000 	/usr/lib/libcompression.dylib
0x00007fff67efc000 	/usr/lib/libMobileGestalt.dylib
0x00007fff63a0c000 	/System/Library/PrivateFrameworks/TextureIO.framework/Versions/A/TextureIO
0x00007fff681e9000 	/usr/lib/libate.dylib
0x00007fff58439000 	/System/Library/PrivateFrameworks/InternationalSupport.framework/Versions/A/InternationalSupport
0x00007fff6b029000 	/usr/lib/system/libcache.dylib
0x00007fff6b02f000 	/usr/lib/system/libcommonCrypto.dylib
0x00007fff6b03b000 	/usr/lib/system/libcompiler_rt.dylib
0x00007fff6b043000 	/usr/lib/system/libcopyfile.dylib
0x00007fff6b04d000 	/usr/lib/system/libcorecrypto.dylib
0x00007fff6b1fb000 	/usr/lib/system/libdispatch.dylib
0x00007fff6b23d000 	/usr/lib/system/libdyld.dylib
0x00007fff6b273000 	/usr/lib/system/libkeymgr.dylib
0x00007fff6b281000 	/usr/lib/system/liblaunch.dylib
0x00007fff6b282000 	/usr/lib/system/libmacho.dylib
0x00007fff6b288000 	/usr/lib/system/libquarantine.dylib
0x00007fff6b28b000 	/usr/lib/system/libremovefile.dylib
0x00007fff6b28d000 	/usr/lib/system/libsystem_asl.dylib
0x00007fff6b2a5000 	/usr/lib/system/libsystem_blocks.dylib
0x00007fff6b2a6000 	/usr/lib/system/libsystem_c.dylib
0x00007fff6b32e000 	/usr/lib/system/libsystem_configuration.dylib
0x00007fff6b332000 	/usr/lib/system/libsystem_coreservices.dylib
0x00007fff6b336000 	/usr/lib/system/libsystem_darwin.dylib
0x00007fff6b33f000 	/usr/lib/system/libsystem_dnssd.dylib
0x00007fff6b347000 	/usr/lib/system/libsystem_featureflags.dylib
0x00007fff6b349000 	/usr/lib/system/libsystem_info.dylib
0x00007fff6b3c4000 	/usr/lib/system/libsystem_m.dylib
0x00007fff6b40c000 	/usr/lib/system/libsystem_malloc.dylib
0x00007fff6b434000 	/usr/lib/system/libsystem_networkextension.dylib
0x00007fff6b442000 	/usr/lib/system/libsystem_notify.dylib
0x00007fff6b461000 	/usr/lib/system/libsystem_sandbox.dylib
0x00007fff6b466000 	/usr/lib/system/libsystem_secinit.dylib
0x00007fff6b397000 	/usr/lib/system/libsystem_kernel.dylib
0x00007fff6b44c000 	/usr/lib/system/libsystem_platform.dylib
0x00007fff6b456000 	/usr/lib/system/libsystem_pthread.dylib
0x00007fff6b469000 	/usr/lib/system/libsystem_symptoms.dylib
0x00007fff6b471000 	/usr/lib/system/libsystem_trace.dylib
0x00007fff6b489000 	/usr/lib/system/libunwind.dylib
0x00007fff6b48f000 	/usr/lib/system/libxpc.dylib
0x00007fff683bc000 	/usr/lib/libc++abi.dylib
0x00007fff691ba000 	/usr/lib/liblzma.5.dylib
0x00007fff68e34000 	/usr/lib/libfakelink.dylib
0x00007fff68176000 	/usr/lib/libarchive.2.dylib
0x00007fff41328000 	/System/Library/Frameworks/SystemConfiguration.framework/Versions/A/SystemConfiguration
0x00007fff67aeb000 	/usr/lib/libCRFSuite.dylib
0x00007fff322cc000 	/System/Library/Frameworks/CFNetwork.framework/Versions/A/CFNetwork
0x00007fff6834a000 	/usr/lib/libbsm.0.dylib
0x00007fff6b274000 	/usr/lib/system/libkxld.dylib
0x00007fff46e3c000 	/System/Library/PrivateFrameworks/AppleFSCompression.framework/Versions/A/AppleFSCompression
0x00007fff686cb000 	/usr/lib/libcoretls.dylib
0x00007fff686e2000 	/usr/lib/libcoretls_cfhelpers.dylib
0x00007fff69f1b000 	/usr/lib/libpam.2.dylib
0x00007fff6a04e000 	/usr/lib/libsqlite3.dylib
0x00007fff6a491000 	/usr/lib/libxar.1.dylib
0x00007fff6835b000 	/usr/lib/libbz2.1.0.dylib
0x00007fff68e55000 	/usr/lib/libiconv.2.dylib
0x00007fff683d1000 	/usr/lib/libcharset.1.dylib
0x00007fff699c2000 	/usr/lib/libnetwork.dylib
0x00007fff69f22000 	/usr/lib/libpcap.A.dylib
0x00007fff6812b000 	/usr/lib/libapple_nghttp2.dylib
0x00007fff352d6000 	/System/Library/Frameworks/CoreServices.framework/Versions/A/Frameworks/FSEvents.framework/Versions/A/FSEvents
0x00007fff34fa6000 	/System/Library/Frameworks/CoreServices.framework/Versions/A/Frameworks/CarbonCore.framework/Versions/A/CarbonCore
0x00007fff35519000 	/System/Library/Frameworks/CoreServices.framework/Versions/A/Frameworks/Metadata.framework/Versions/A/Metadata
0x00007fff355b2000 	/System/Library/Frameworks/CoreServices.framework/Versions/A/Frameworks/OSServices.framework/Versions/A/OSServices
0x00007fff355e0000 	/System/Library/Frameworks/CoreServices.framework/Versions/A/Frameworks/SearchKit.framework/Versions/A/SearchKit
0x00007fff34f20000 	/System/Library/Frameworks/CoreServices.framework/Versions/A/Frameworks/AE.framework/Versions/A/AE
0x00007fff352df000 	/System/Library/Frameworks/CoreServices.framework/Versions/A/Frameworks/LaunchServices.framework/Versions/A/LaunchServices
0x00007fff35288000 	/System/Library/Frameworks/CoreServices.framework/Versions/A/Frameworks/DictionaryServices.framework/Versions/A/DictionaryServices
0x00007fff35648000 	/System/Library/Frameworks/CoreServices.framework/Versions/A/Frameworks/SharedFileList.framework/Versions/A/SharedFileList
0x00007fff3a241000 	/System/Library/Frameworks/NetFS.framework/Versions/A/NetFS
0x00007fff5a775000 	/System/Library/PrivateFrameworks/NetAuth.framework/Versions/A/NetAuth
0x00007fff67788000 	/System/Library/PrivateFrameworks/login.framework/Versions/A/Frameworks/loginsupport.framework/Versions/A/loginsupport
0x00007fff63507000 	/System/Library/PrivateFrameworks/TCC.framework/Versions/A/TCC
0x00007fff4ba27000 	/System/Library/PrivateFrameworks/CoreNLP.framework/Versions/A/CoreNLP
0x00007fff59c75000 	/System/Library/PrivateFrameworks/MetadataUtilities.framework/Versions/A/MetadataUtilities
0x00007fff69292000 	/usr/lib/libmecabra.dylib
0x00007fff691ea000 	/usr/lib/libmecab.dylib
0x00007fff68e45000 	/usr/lib/libgermantok.dylib
0x00007fff68112000 	/usr/lib/libThaiTokenizer.dylib
0x00007fff67b23000 	/usr/lib/libChineseTokenizer.dylib
0x00007fff2f8ee000 	/System/Library/Frameworks/Accelerate.framework/Versions/A/Frameworks/vImage.framework/Versions/A/vImage
0x00007fff30b91000 	/System/Library/Frameworks/Accelerate.framework/Versions/A/Frameworks/vecLib.framework/Versions/A/vecLib
0x00007fff30ad5000 	/System/Library/Frameworks/Accelerate.framework/Versions/A/Frameworks/vecLib.framework/Versions/A/libvMisc.dylib
0x00007fff308fb000 	/System/Library/Frameworks/Accelerate.framework/Versions/A/Frameworks/vecLib.framework/Versions/A/libvDSP.dylib
0x00007fff2ff5a000 	/System/Library/Frameworks/Accelerate.framework/Versions/A/Frameworks/vecLib.framework/Versions/A/libBLAS.dylib
0x00007fff304b5000 	/System/Library/Frameworks/Accelerate.framework/Versions/A/Frameworks/vecLib.framework/Versions/A/libLAPACK.dylib
0x00007fff3085b000 	/System/Library/Frameworks/Accelerate.framework/Versions/A/Frameworks/vecLib.framework/Versions/A/libLinearAlgebra.dylib
0x00007fff308e8000 	/System/Library/Frameworks/Accelerate.framework/Versions/A/Frameworks/vecLib.framework/Versions/A/libSparseBLAS.dylib
0x00007fff30871000 	/System/Library/Frameworks/Accelerate.framework/Versions/A/Frameworks/vecLib.framework/Versions/A/libQuadrature.dylib
0x00007fff301c4000 	/System/Library/Frameworks/Accelerate.framework/Versions/A/Frameworks/vecLib.framework/Versions/A/libBNNS.dylib
0x00007fff30877000 	/System/Library/Frameworks/Accelerate.framework/Versions/A/Frameworks/vecLib.framework/Versions/A/libSparse.dylib
0x00007fff587f8000 	/System/Library/PrivateFrameworks/LanguageModeling.framework/Versions/A/LanguageModeling
0x00007fff4b3c3000 	/System/Library/PrivateFrameworks/CoreEmoji.framework/Versions/A/CoreEmoji
0x00007fff58916000 	/System/Library/PrivateFrameworks/LinguisticData.framework/Versions/A/LinguisticData
0x00007fff588c7000 	/System/Library/PrivateFrameworks/Lexicon.framework/Versions/A/Lexicon
0x00007fff683d2000 	/usr/lib/libcmph.dylib
0x00007fff3ce13000 	/System/Library/Frameworks/OpenDirectory.framework/Versions/A/Frameworks/CFOpenDirectory.framework/Versions/A/CFOpenDirectory
0x00007fff3ce30000 	/System/Library/Frameworks/OpenDirectory.framework/Versions/A/OpenDirectory
0x00007fff450fd000 	/System/Library/PrivateFrameworks/APFS.framework/Versions/A/APFS
0x00007fff404d9000 	/System/Library/Frameworks/SecurityFoundation.framework/Versions/A/SecurityFoundation
0x00007fff6a48d000 	/usr/lib/libutil.dylib
0x00007fff4c6b0000 	/System/Library/PrivateFrameworks/CoreServicesStore.framework/Versions/A/CoreServicesStore
0x00007fff40591000 	/System/Library/Frameworks/ServiceManagement.framework/Versions/A/ServiceManagement
0x00007fff485f3000 	/System/Library/PrivateFrameworks/BackgroundTaskManagement.framework/Versions/A/BackgroundTaskManagement
0x00007fff6a58a000 	/usr/lib/libxslt.1.dylib
0x00007fff474a1000 	/System/Library/PrivateFrameworks/AppleSystemInfo.framework/Versions/A/AppleSystemInfo
0x00007fff36c7c000 	/System/Library/Frameworks/ImageIO.framework/Versions/A/Resources/libJPEG.dylib
0x00007fff36f3b000 	/System/Library/Frameworks/ImageIO.framework/Versions/A/Resources/libTIFF.dylib
0x00007fff36f1e000 	/System/Library/Frameworks/ImageIO.framework/Versions/A/Resources/libPng.dylib
0x00007fff36bbd000 	/System/Library/Frameworks/ImageIO.framework/Versions/A/Resources/libGIF.dylib
0x00007fff36bc1000 	/System/Library/Frameworks/ImageIO.framework/Versions/A/Resources/libJP2.dylib
0x00007fff36f39000 	/System/Library/Frameworks/ImageIO.framework/Versions/A/Resources/libRadiance.dylib
0x00007fff68e0d000 	/usr/lib/libexpat.1.dylib
0x00007fff46f97000 	/System/Library/PrivateFrameworks/AppleJPEG.framework/Versions/A/AppleJPEG
0x00007fff4f92a000 	/System/Library/PrivateFrameworks/FontServices.framework/libFontParser.dylib
0x00007fff667df000 	/System/Library/PrivateFrameworks/WatchdogClient.framework/Versions/A/WatchdogClient
0x00007fff57e85000 	/System/Library/PrivateFrameworks/IOAccelerator.framework/Versions/A/IOAccelerator
0x00007fff392fa000 	/System/Library/Frameworks/MetalPerformanceShaders.framework/Versions/A/MetalPerformanceShaders
0x00007fff54678000 	/System/Library/PrivateFrameworks/GPUWrangler.framework/Versions/A/GPUWrangler
0x00007fff57e90000 	/System/Library/PrivateFrameworks/IOPresentment.framework/Versions/A/IOPresentment
0x00007fff4d398000 	/System/Library/PrivateFrameworks/DSExternalDisplay.framework/Versions/A/DSExternalDisplay
0x00007fff3d799000 	/System/Library/Frameworks/OpenGL.framework/Versions/A/Libraries/libCoreFSCache.dylib
0x00007fff3904c000 	/System/Library/Frameworks/MetalPerformanceShaders.framework/Frameworks/MPSCore.framework/Versions/A/MPSCore
0x00007fff39089000 	/System/Library/Frameworks/MetalPerformanceShaders.framework/Frameworks/MPSImage.framework/Versions/A/MPSImage
0x00007fff3914b000 	/System/Library/Frameworks/MetalPerformanceShaders.framework/Frameworks/MPSNeuralNetwork.framework/Versions/A/MPSNeuralNetwork
0x00007fff39110000 	/System/Library/Frameworks/MetalPerformanceShaders.framework/Frameworks/MPSMatrix.framework/Versions/A/MPSMatrix
0x00007fff392ab000 	/System/Library/Frameworks/MetalPerformanceShaders.framework/Frameworks/MPSRayIntersector.framework/Versions/A/MPSRayIntersector
0x00007fff39135000 	/System/Library/Frameworks/MetalPerformanceShaders.framework/Frameworks/MPSNDArray.framework/Versions/A/MPSNDArray
0x00007fff59cc2000 	/System/Library/PrivateFrameworks/MetalTools.framework/Versions/A/MetalTools
0x00007fff462c2000 	/System/Library/PrivateFrameworks/AggregateDictionary.framework/Versions/A/AggregateDictionary
0x00007fff4ae4d000 	/System/Library/PrivateFrameworks/CoreAnalytics.framework/Versions/A/CoreAnalytics
0x00007fff473bf000 	/System/Library/PrivateFrameworks/AppleSauce.framework/Versions/A/AppleSauce
0x00007fff67ddf000 	/usr/lib/libIOReport.dylib
0x00007fff35b4a000 	/System/Library/Frameworks/CoreVideo.framework/Versions/A/CoreVideo
0x00007fff55ae6000 	/System/Library/PrivateFrameworks/GraphVisualizer.framework/Versions/A/GraphVisualizer
0x00007fff4eeab000 	/System/Library/PrivateFrameworks/FaceCore.framework/Versions/A/FaceCore
0x00007fff3cdba000 	/System/Library/Frameworks/OpenCL.framework/Versions/A/OpenCL
0x00007fff67c01000 	/usr/lib/libFosl_dynamic.dylib
0x00007fff5b170000 	/System/Library/PrivateFrameworks/OTSVG.framework/Versions/A/OTSVG
0x00007fff31c47000 	/System/Library/Frameworks/ApplicationServices.framework/Versions/A/Frameworks/ATS.framework/Versions/A/Resources/libFontRegistry.dylib
0x00007fff4fafb000 	/System/Library/PrivateFrameworks/FontServices.framework/libhvf.dylib
0x00007fff3d7a4000 	/System/Library/Frameworks/OpenGL.framework/Versions/A/Libraries/libGFXShared.dylib
0x00007fff3d981000 	/System/Library/Frameworks/OpenGL.framework/Versions/A/Libraries/libGLU.dylib
0x00007fff3d7ad000 	/System/Library/Frameworks/OpenGL.framework/Versions/A/Libraries/libGL.dylib
0x00007fff3d7b8000 	/System/Library/Frameworks/OpenGL.framework/Versions/A/Libraries/libGLImage.dylib
0x00007fff3d796000 	/System/Library/Frameworks/OpenGL.framework/Versions/A/Libraries/libCVMSPluginSupport.dylib
0x00007fff3d79f000 	/System/Library/Frameworks/OpenGL.framework/Versions/A/Libraries/libCoreVMClient.dylib
0x00007fff69864000 	/usr/lib/libncurses.5.4.dylib
0x00007fff31b43000 	/System/Library/Frameworks/ApplicationServices.framework/Versions/A/Frameworks/ATS.framework/Versions/A/ATS
0x00007fff31d10000 	/System/Library/Frameworks/ApplicationServices.framework/Versions/A/Frameworks/ColorSyncLegacy.framework/Versions/A/ColorSyncLegacy
0x00007fff31daf000 	/System/Library/Frameworks/ApplicationServices.framework/Versions/A/Frameworks/HIServices.framework/Versions/A/HIServices
0x00007fff31e06000 	/System/Library/Frameworks/ApplicationServices.framework/Versions/A/Frameworks/LangAnalysis.framework/Versions/A/LangAnalysis
0x00007fff31e15000 	/System/Library/Frameworks/ApplicationServices.framework/Versions/A/Frameworks/PrintCore.framework/Versions/A/PrintCore
0x00007fff31e5b000 	/System/Library/Frameworks/ApplicationServices.framework/Versions/A/Frameworks/QD.framework/Versions/A/QD
0x00007fff31e66000 	/System/Library/Frameworks/ApplicationServices.framework/Versions/A/Frameworks/SpeechSynthesis.framework/Versions/A/SpeechSynthesis
0x00007fff31ce0000 	/System/Library/Frameworks/ApplicationServices.framework/Versions/A/Frameworks/ATSUI.framework/Versions/A/ATSUI
0x00007fff68ca1000 	/usr/lib/libcups.2.dylib
0x00007fff383a9000 	/System/Library/Frameworks/Kerberos.framework/Versions/A/Kerberos
0x00007fff36629000 	/System/Library/Frameworks/GSS.framework/Versions/A/GSS
0x00007fff69fda000 	/usr/lib/libresolv.9.dylib
0x00007fff55c87000 	/System/Library/PrivateFrameworks/Heimdal.framework/Versions/A/Heimdal
0x00007fff383bc000 	/System/Library/Frameworks/Kerberos.framework/Versions/A/Libraries/libHeimdalProxy.dylib
0x00007fff68e4b000 	/usr/lib/libheimdal-asn1.dylib
0x00007fff4a2f3000 	/System/Library/PrivateFrameworks/CommonAuth.framework/Versions/A/CommonAuth
0x00007fff4753e000 	/System/Library/PrivateFrameworks/AssertionServices.framework/Versions/A/AssertionServices
0x00007fff480e1000 	/System/Library/PrivateFrameworks/AudioToolboxCore.framework/Versions/A/AudioToolboxCore
0x00007fff67439000 	/System/Library/PrivateFrameworks/caulk.framework/Versions/A/caulk
0x00007fff4869f000 	/System/Library/PrivateFrameworks/BaseBoard.framework/Versions/A/BaseBoard
0x00007fff5f295000 	/System/Library/PrivateFrameworks/RunningBoardServices.framework/Versions/A/RunningBoardServices
0x00007fff5c35e000 	/System/Library/PrivateFrameworks/PersistentConnection.framework/Versions/A/PersistentConnection
0x00007fff5ece4000 	/System/Library/PrivateFrameworks/ProtocolBuffer.framework/Versions/A/ProtocolBuffer
0x00007fff4a318000 	/System/Library/PrivateFrameworks/CommonUtilities.framework/Versions/A/CommonUtilities
0x00007fff48822000 	/System/Library/PrivateFrameworks/Bom.framework/Versions/A/Bom
0x00007fff67aae000 	/usr/lib/libAudioToolboxUtility.dylib
0x00007fff485fd000 	/System/Library/PrivateFrameworks/Backup.framework/Versions/A/Backup
0x00007fff4d108000 	/System/Library/PrivateFrameworks/CrashReporterSupport.framework/Versions/A/CrashReporterSupport
0x00007fff60d91000 	/System/Library/PrivateFrameworks/Sharing.framework/Versions/A/Sharing
0x00007fff46ce2000 	/System/Library/PrivateFrameworks/Apple80211.framework/Versions/A/Apple80211
0x00007fff4831f000 	/System/Library/PrivateFrameworks/AuthKit.framework/Versions/A/AuthKit
0x00007fff4ce38000 	/System/Library/PrivateFrameworks/CoreUtils.framework/Versions/A/CoreUtils
0x00007fff35b8f000 	/System/Library/Frameworks/CoreWLAN.framework/Versions/A/CoreWLAN
0x00007fff367b5000 	/System/Library/Frameworks/IOBluetooth.framework/Versions/A/IOBluetooth
0x00007fff59fc0000 	/System/Library/PrivateFrameworks/MobileKeyBag.framework/Versions/A/MobileKeyBag
0x00007fff4bf03000 	/System/Library/PrivateFrameworks/CorePhoneNumbers.framework/Versions/A/CorePhoneNumbers
0x00007fff46f4a000 	/System/Library/PrivateFrameworks/AppleIDAuthSupport.framework/Versions/A/AppleIDAuthSupport
0x00007fff3a24e000 	/System/Library/Frameworks/Network.framework/Versions/A/Network
0x00007fff58680000 	/System/Library/PrivateFrameworks/KeychainCircle.framework/Versions/A/KeychainCircle
0x00007fff33603000 	/System/Library/Frameworks/CoreBluetooth.framework/Versions/A/CoreBluetooth
0x00007fff62a0d000 	/System/Library/PrivateFrameworks/SpeechRecognitionCore.framework/Versions/A/SpeechRecognitionCore
0x0000000103200000 	/Applications/IntelliJ IDEA CE.app/Contents/jbr/Contents/Home/lib/server/libjvm.dylib
0x000000010299b000 	/Applications/IntelliJ IDEA CE.app/Contents/jbr/Contents/Home/lib/libverify.dylib
0x00000001029ac000 	/Applications/IntelliJ IDEA CE.app/Contents/jbr/Contents/Home/lib/libjava.dylib
0x0000000103f99000 	/Applications/IntelliJ IDEA CE.app/Contents/jbr/Contents/Home/lib/libzip.dylib
0x0000000103fa6000 	/Applications/IntelliJ IDEA CE.app/Contents/jbr/Contents/Home/lib/libjimage.dylib
0x0000000109223000 	/Applications/IntelliJ IDEA CE.app/Contents/jbr/Contents/Home/lib/libnio.dylib
0x0000000109236000 	/Applications/IntelliJ IDEA CE.app/Contents/jbr/Contents/Home/lib/libnet.dylib
0x00000001092d8000 	/Applications/IntelliJ IDEA CE.app/Contents/jbr/Contents/Home/lib/libawt.dylib
0x0000000109378000 	/Applications/IntelliJ IDEA CE.app/Contents/jbr/Contents/Home/lib/libmlib_image.dylib
0x00007fff38392000 	/System/Library/Frameworks/JavaVM.framework/Versions/A/Frameworks/JavaNativeFoundation.framework/Versions/A/JavaNativeFoundation
0x00007fff3839b000 	/System/Library/Frameworks/JavaVM.framework/Versions/A/Frameworks/JavaRuntimeSupport.framework/Versions/A/JavaRuntimeSupport
0x00007fff383a4000 	/System/Library/Frameworks/JavaVM.framework/Versions/A/JavaVM
0x00007fff584e3000 	/System/Library/PrivateFrameworks/JavaLaunching.framework/Versions/A/JavaLaunching
0x00007fff326d3000 	/System/Library/Frameworks/Carbon.framework/Versions/A/Carbon
0x00007fff4cbec000 	/System/Library/PrivateFrameworks/CoreSymbolication.framework/Versions/A/CoreSymbolication
0x00007fff326d4000 	/System/Library/Frameworks/Carbon.framework/Versions/A/Frameworks/CommonPanels.framework/Versions/A/CommonPanels
0x00007fff329cd000 	/System/Library/Frameworks/Carbon.framework/Versions/A/Frameworks/Help.framework/Versions/A/Help
0x00007fff329d1000 	/System/Library/Frameworks/Carbon.framework/Versions/A/Frameworks/ImageCapture.framework/Versions/A/ImageCapture
0x00007fff329d8000 	/System/Library/Frameworks/Carbon.framework/Versions/A/Frameworks/OpenScripting.framework/Versions/A/OpenScripting
0x00007fff329d7000 	/System/Library/Frameworks/Carbon.framework/Versions/A/Frameworks/Ink.framework/Versions/A/Ink
0x00007fff32a13000 	/System/Library/Frameworks/Carbon.framework/Versions/A/Frameworks/Print.framework/Versions/A/Print
0x00007fff32a14000 	/System/Library/Frameworks/Carbon.framework/Versions/A/Frameworks/SecurityHI.framework/Versions/A/SecurityHI
0x00007fff4d4cd000 	/System/Library/PrivateFrameworks/DebugSymbols.framework/Versions/A/DebugSymbols
0x00000001093e4000 	/Applications/IntelliJ IDEA CE.app/Contents/jbr/Contents/Home/lib/libawt_lwawt.dylib
0x00000001094bf000 	/Applications/IntelliJ IDEA CE.app/Contents/jbr/Contents/Home/lib/libosxapp.dylib
0x00007fff36097000 	/System/Library/Frameworks/ExceptionHandling.framework/Versions/A/ExceptionHandling
0x00000001091fb000 	/private/var/folders/kc/m59prmsj5sj189_7dcbqdh180000gn/T/lwjglericnewton/3.2.3-build-13/liblwjgl.dylib
0x000000011eb04000 	/private/var/folders/kc/m59prmsj5sj189_7dcbqdh180000gn/T/lwjglericnewton/3.2.3-build-13/libglfw.dylib
0x00007fff4c67c000 	/System/Library/PrivateFrameworks/CoreServicesInternal.framework/Versions/A/CoreServicesInternal
0x00007fff360b6000 	/System/Library/Frameworks/FileProvider.framework/Versions/A/FileProvider
0x00007fff30b92000 	/System/Library/Frameworks/Accounts.framework/Versions/A/Accounts
0x00007fff5499c000 	/System/Library/PrivateFrameworks/GenerationalStorage.framework/Versions/A/GenerationalStorage
0x00007fff63248000 	/System/Library/PrivateFrameworks/SymptomDiagnosticReporter.framework/Versions/A/SymptomDiagnosticReporter
0x00007fff467d3000 	/System/Library/PrivateFrameworks/AppContainer.framework/Versions/A/AppContainer
0x00007fff69ff4000 	/usr/lib/libsandbox.1.dylib
0x00007fff65778000 	/System/Library/PrivateFrameworks/UserManagement.framework/Versions/A/UserManagement
0x00007fff493e4000 	/System/Library/PrivateFrameworks/ChunkingLibrary.framework/Versions/A/ChunkingLibrary
0x00007fff46845000 	/System/Library/PrivateFrameworks/AppSandbox.framework/Versions/A/AppSandbox
0x00007fff60c1b000 	/System/Library/PrivateFrameworks/SecCodeWrapper.framework/Versions/A/SecCodeWrapper
0x00007fff67ec5000 	/usr/lib/libMatch.1.dylib
0x000000011fd43000 	/private/var/folders/kc/m59prmsj5sj189_7dcbqdh180000gn/T/lwjglericnewton/3.2.3-build-13/libjemalloc.dylib
0x00007fff2f8d7000 	/System/Library/Frameworks/Accelerate.framework/Versions/A/Frameworks/vImage.framework/Versions/A/Libraries/libCGInterfaces.dylib
0x00007fff4fa62000 	/System/Library/PrivateFrameworks/FontServices.framework/libTrueTypeScaler.dylib


VM Arguments:
jvm_args: -Dfile.encoding=UTF-8 -Duser.country=CA -Duser.language=en -Duser.variant 
java_command: main.Main
java_class_path (initial): /Users/ericnewton/VillagePeople/build/classes/java/main:/Users/ericnewton/VillagePeople/build/resources/main:/Users/ericnewton/.gradle/caches/modules-2/files-2.1/org.lwjgl/lwjgl-assimp/3.2.3/f62aa07a20afbdd3097efc296c4841e0d29700eb/lwjgl-assimp-3.2.3.jar:/Users/ericnewton/.gradle/caches/modules-2/files-2.1/org.lwjgl/lwjgl-assimp/3.2.3/6efe40673c59667d5eb759c5a77e53e0f5abdb31/lwjgl-assimp-3.2.3-natives-macos.jar:/Users/ericnewton/.gradle/caches/modules-2/files-2.1/org.lwjgl/lwjgl-bgfx/3.2.3/433883c4040fa8df47244dffa1d42c96ce2143de/lwjgl-bgfx-3.2.3.jar:/Users/ericnewton/.gradle/caches/modules-2/files-2.1/org.lwjgl/lwjgl-bgfx/3.2.3/ae9b31bbbe5e2783e9611f9bebe7d83d86a3cfb1/lwjgl-bgfx-3.2.3-natives-macos.jar:/Users/ericnewton/.gradle/caches/modules-2/files-2.1/org.lwjgl/lwjgl-cuda/3.2.3/fb91f3aaa29e69eee7f1314a63d3e3068ad138e4/lwjgl-cuda-3.2.3.jar:/Users/ericnewton/.gradle/caches/modules-2/files-2.1/org.lwjgl/lwjgl-egl/3.2.3/45ad689a4346fac69d4e8696fa02aaa98f0ea196/lwjgl-egl-3.2.3.jar:/Users/ericnewton/.gradle/caches/modules-2/files-2.1/org.lwjgl/lwjgl-glfw/3.2.3/5e520d5c290c8b012545a8d34fa5db5ab051ea53/lwjgl-glfw-3.2.3.jar:/Users/ericnewton/.gradle/caches/modules-2/files-2.1/org.lwjgl/lwjgl-glfw/3.2.3/58661272eacb9116336c88b4aadccf1f17c09b/lwjgl-glfw-3.2.3-natives-macos.jar:/Users/ericnewton/.gradle/caches/modules-2/files-2.1/org.lwjgl/lwjgl-jawt/3.2.3/b93ceb43c55c28651e178af42e1f344e1e9d8bf3/lwjgl-jawt-3.2.3.jar:/Users/ericnewton/.gradle/caches/modules-2/files-2.1/org.lwjgl/lwjgl-jemalloc/3.2.3/b6fd0932171ba3f2eaa4547beddca3a3e645342d/lwjgl-jemalloc-3.2.3.jar:/Users/ericnewton/.gradle/caches/modules-2/files-2.1/org.lwjgl/lwjgl-jemalloc/3.2.3/d6ffcb4224d3ccd3c31bd80093f71e69a7133a6a/lwjgl-jemalloc-3.2.3-natives-macos.jar:/Users/ericnewton/.gradle/caches/modules-2/files-2.1/org.lwjgl/lwjgl-libdivide/3.2.3/58c515f934b8b3fd64897d436a9aaea518ac180a/lwjgl-libdivide-3.2.3.jar:/Users/ericnewton/.gradle/caches/modules-2/files-2.1/org.lwjgl/lwjgl-lib
Launcher Type: SUN_STANDARD

[Global flags]
     intx CICompilerCount                          = 3                                         {product} {ergonomic}
     uint ConcGCThreads                            = 1                                         {product} {ergonomic}
     uint G1ConcRefinementThreads                  = 4                                         {product} {ergonomic}
   size_t G1HeapRegionSize                         = 1048576                                   {product} {ergonomic}
    uintx GCDrainStackTargetSize                   = 64                                        {product} {ergonomic}
   size_t InitialHeapSize                          = 67108864                                  {product} {ergonomic}
   size_t MarkStackSize                            = 4194304                                   {product} {ergonomic}
   size_t MaxHeapSize                              = 1073741824                                {product} {ergonomic}
   size_t MaxNewSize                               = 643825664                                 {product} {ergonomic}
   size_t MinHeapDeltaBytes                        = 1048576                                   {product} {ergonomic}
    uintx NonNMethodCodeHeapSize                   = 5830732                                {pd product} {ergonomic}
    uintx NonProfiledCodeHeapSize                  = 122913754                              {pd product} {ergonomic}
    uintx ProfiledCodeHeapSize                     = 122913754                              {pd product} {ergonomic}
    uintx ReservedCodeCacheSize                    = 251658240                              {pd product} {ergonomic}
     bool SegmentedCodeCache                       = true                                      {product} {ergonomic}
     bool UseCompressedClassPointers               = true                                 {lp64_product} {ergonomic}
     bool UseCompressedOops                        = true                                 {lp64_product} {ergonomic}
     bool UseG1GC                                  = true                                      {product} {ergonomic}

Logging:
Log output configuration:
 #0: stdout all=warning uptime,level,tags
 #1: stderr all=off uptime,level,tags

Environment Variables:
PATH=/usr/local/bin:/usr/bin:/bin:/usr/sbin:/sbin:/Library/Frameworks/Mono.framework/Versions/Current/Commands
SHELL=/bin/bash

Signal Handlers:
SIGSEGV: [libjvm.dylib+0x742f60], sa_mask[0]=11111111011111110111111111111111, sa_flags=SA_ONSTACK|SA_RESTART|SA_SIGINFO
SIGBUS: [libjvm.dylib+0x742f60], sa_mask[0]=11111111011111110111111111111111, sa_flags=SA_RESTART|SA_SIGINFO
SIGFPE: [libjvm.dylib+0x742f60], sa_mask[0]=11111111011111110111111111111111, sa_flags=SA_RESTART|SA_SIGINFO
SIGPIPE: [libjvm.dylib+0x5f4978], sa_mask[0]=11111111011111110111111111111111, sa_flags=SA_RESTART|SA_SIGINFO
SIGXFSZ: [libjvm.dylib+0x5f4978], sa_mask[0]=11111111011111110111111111111111, sa_flags=SA_RESTART|SA_SIGINFO
SIGILL: [libjvm.dylib+0x742f60], sa_mask[0]=11111111011111110111111111111111, sa_flags=SA_RESTART|SA_SIGINFO
SIGUSR2: [libjvm.dylib+0x5f4f5d], sa_mask[0]=00100000000000000000000000000000, sa_flags=SA_RESTART|SA_SIGINFO
SIGHUP: [libjvm.dylib+0x5f3a8f], sa_mask[0]=11111111011111110111111111111111, sa_flags=SA_RESTART|SA_SIGINFO
SIGINT: [libjvm.dylib+0x5f3a8f], sa_mask[0]=11111111011111110111111111111111, sa_flags=SA_RESTART|SA_SIGINFO
SIGTERM: [libjvm.dylib+0x5f3a8f], sa_mask[0]=11111111011111110111111111111111, sa_flags=SA_RESTART|SA_SIGINFO
SIGQUIT: [libjvm.dylib+0x5f3a8f], sa_mask[0]=11111111011111110111111111111111, sa_flags=SA_RESTART|SA_SIGINFO


---------------  S Y S T E M  ---------------

OS:uname:Darwin 19.3.0 Darwin Kernel Version 19.3.0: Thu Jan  9 20:58:23 PST 2020; root:xnu-6153.81.5~1/RELEASE_X86_64 x86_64
rlimit: STACK 8192k, CORE 0k, NPROC 1392, NOFILE 10240, AS infinity, DATA infinity, FSIZE infinity
load average:8.19 6.34 6.31

CPU:total 4 (initial active 4) (2 cores per cpu, 2 threads per core) family 6 model 61 stepping 4, cmov, cx8, fxsr, mmx, sse, sse2, sse3, ssse3, sse4.1, sse4.2, popcnt, avx, avx2, aes, clmul, erms, 3dnowpref, lzcnt, ht, tsc, tscinvbit, bmi1, bmi2, adx, fma

Memory: 4k page, physical 4194304k(35436k free), swap 3145728k(1417728k free)

vm_info: OpenJDK 64-Bit Server VM (11.0.5+10-b520.38) for bsd-amd64 JRE (11.0.5+10-b520.38), built on Jan 22 2020 21:12:29 by "builduser" with gcc 4.2.1 Compatible Apple LLVM 9.1.0 (clang-902.0.39.2)

END.
